<?xml version="1.0" encoding="UTF-8"?>
<robot generator="Robot 7.1 (Python 3.11.1 on win32)" generated="2025-02-18T15:44:14.773055" rpa="false" schemaversion="5">
<suite id="s1" name="TTSS Interview" source="c:\Users\Win 10 Pro\Desktop\Automate\TTSS Interview">
<suite id="s1-s1" name="Tests" source="c:\Users\Win 10 Pro\Desktop\Automate\TTSS Interview\tests">
<suite id="s1-s1-s1" name="E2E" source="c:\Users\Win 10 Pro\Desktop\Automate\TTSS Interview\tests\e2e">
<suite id="s1-s1-s1-s1" name="E2E Saucedemo" source="c:\Users\Win 10 Pro\Desktop\Automate\TTSS Interview\tests\e2e\e2e_saucedemo.robot">
<test id="s1-s1-s1-s1-t1" name="Verify Complete Ordering Work Flow On Saucedemo Website" line="6">
<kw name="Open Browser" owner="Browser">
<msg time="2025-02-18T15:44:14.932748" level="WARN">Open Browser is for quick experimentation and debugging only. Use New Page for production.</msg>
<msg time="2025-02-18T15:44:14.934426" level="INFO">{"browser": "chromium", "headless": false, "chromiumSandbox": false, "devtools": false, "handleSIGHUP": true, "handleSIGINT": true, "handleSIGTERM": true, "slowMo": 0.0, "timeout": 30000.0, "tracesDir": "c:\\Users\\Win 10 Pro\\Desktop\\Automate\\TTSS Interview\\results\\browser\\traces\\temp\\3cd066e9-a8cb-4cee-adfa-a149cd55ecaf"}</msg>
<msg time="2025-02-18T15:44:14.957214" level="INFO">Starting Browser process c:\Users\Win 10 Pro\Desktop\Automate\TTSS Interview\.venv\Lib\site-packages\Browser\wrapper\index.js using port 59333</msg>
<msg time="2025-02-18T15:44:14.957214" level="INFO">Node startup parameters: ['node', 'c:\\Users\\Win 10 Pro\\Desktop\\Automate\\TTSS Interview\\.venv\\Lib\\site-packages\\Browser\\wrapper\\index.js', '59333']</msg>
<msg time="2025-02-18T15:44:15.686095" level="INFO">Successfully created browser with options: {"browser":"chromium","headless":false,"chromiumSandbox":false,"devtools":false,"handleSIGHUP":true,"handleSIGINT":true,"handleSIGTERM":true,"slowMo":0,"timeout":30000,"tracesDir":"c:\\Users\\Win 10 Pro\\Desktop\\Automate\\TTSS Interview\\results\\browser\\traces\\temp\\3cd066e9-a8cb-4cee-adfa-a149cd55ecaf"}</msg>
<msg time="2025-02-18T15:44:15.687090" level="INFO">{
  "acceptDownloads": true,
  "bypassCSP": true,
  "forcedColors": "none",
  "ignoreHTTPSErrors": false,
  "javaScriptEnabled": true,
  "offline": false,
  "reducedMotion": "no-preference",
  "serviceWorkers": "allow",
  "viewport": {
    "width": 1280,
    "height": 720
  }
}</msg>
<msg time="2025-02-18T15:44:15.705569" level="INFO">Successfully created context. </msg>
<msg time="2025-02-18T15:44:15.706566" level="INFO">{'acceptDownloads': True, 'bypassCSP': True, 'forcedColors': 'none', 'ignoreHTTPSErrors': False, 'javaScriptEnabled': True, 'offline': False, 'reducedMotion': 'no-preference', 'serviceWorkers': 'allow', 'viewport': {'width': 1280, 'height': 720}}</msg>
<msg time="2025-02-18T15:44:16.520423" level="INFO">Successfully initialized new page object and opened url: https://www.saucedemo.com/</msg>
<arg>${URL}</arg>
<tag>BrowserControl</tag>
<tag>Setter</tag>
<doc>Opens a new browser instance. Use this keyword for quick experiments or debugging sessions.</doc>
<status status="PASS" start="2025-02-18T15:44:14.932748" elapsed="1.589178"/>
</kw>
<kw name="Login Saucedemo" owner="saucedemo_keyword">
<kw name="Wait For Elements State" owner="Browser">
<msg time="2025-02-18T15:44:16.546944" level="INFO">Waited for Element with selector data-test=username at state visible</msg>
<arg>${txtUsername}</arg>
<arg>visible</arg>
<tag>PageContent</tag>
<tag>Wait</tag>
<doc>Waits for the element found by ``selector`` to satisfy state option.</doc>
<status status="PASS" start="2025-02-18T15:44:16.523938" elapsed="0.023006"/>
</kw>
<kw name="Fill Text" owner="Browser">
<msg time="2025-02-18T15:44:16.549461" level="INFO">Fills the text 'standard_user' in the given field.</msg>
<arg>${txtUsername}</arg>
<arg>${username}</arg>
<tag>PageContent</tag>
<tag>Setter</tag>
<doc>Clears and fills the given ``txt`` into the text field found by ``selector``.</doc>
<status status="PASS" start="2025-02-18T15:44:16.546944" elapsed="0.021425"/>
</kw>
<kw name="Wait For Elements State" owner="Browser">
<msg time="2025-02-18T15:44:16.577079" level="INFO">Waited for Element with selector data-test=password at state visible</msg>
<arg>${txtPassword}</arg>
<arg>visible</arg>
<tag>PageContent</tag>
<tag>Wait</tag>
<doc>Waits for the element found by ``selector`` to satisfy state option.</doc>
<status status="PASS" start="2025-02-18T15:44:16.569408" elapsed="0.007671"/>
</kw>
<kw name="Fill Text" owner="Browser">
<msg time="2025-02-18T15:44:16.578581" level="INFO">Fills the text 'secret_sauce' in the given field.</msg>
<arg>${txtPassword}</arg>
<arg>${password}</arg>
<tag>PageContent</tag>
<tag>Setter</tag>
<doc>Clears and fills the given ``txt`` into the text field found by ``selector``.</doc>
<status status="PASS" start="2025-02-18T15:44:16.578075" elapsed="0.009974"/>
</kw>
<kw name="Click Element" owner="saucedemo_keyword">
<kw name="Wait For Elements State" owner="Browser">
<msg time="2025-02-18T15:44:16.594294" level="INFO">Waited for Element with selector data-test=login-button at state visible</msg>
<arg>${selector}</arg>
<arg>visible</arg>
<tag>PageContent</tag>
<tag>Wait</tag>
<doc>Waits for the element found by ``selector`` to satisfy state option.</doc>
<status status="PASS" start="2025-02-18T15:44:16.588553" elapsed="0.006739"/>
</kw>
<kw name="Click" owner="Browser">
<msg time="2025-02-18T15:44:16.596290" level="INFO">Clicks the element 'data-test=login-button'.</msg>
<arg>${selector}</arg>
<tag>PageContent</tag>
<tag>Setter</tag>
<doc>Simulates mouse click on the element found by ``selector``.</doc>
<status status="PASS" start="2025-02-18T15:44:16.595292" elapsed="0.057026"/>
</kw>
<arg>${btnLogin}</arg>
<doc>Owner: supasete.1998@gmail.com</doc>
<status status="PASS" start="2025-02-18T15:44:16.588553" elapsed="0.064759"/>
</kw>
<kw name="Wait For Elements State" owner="Browser">
<msg time="2025-02-18T15:44:16.672136" level="INFO">Waited for Element with selector xpath=//*[@data-test="inventory-item"][1]/div[2]/div[1]/a/div at state visible</msg>
<arg>${lblProductSauceLabsBackpack}</arg>
<arg>visible</arg>
<tag>PageContent</tag>
<tag>Wait</tag>
<doc>Waits for the element found by ``selector`` to satisfy state option.</doc>
<status status="PASS" start="2025-02-18T15:44:16.654312" elapsed="0.019305"/>
</kw>
<arg>${usernameStandard}</arg>
<arg>${password}</arg>
<doc>Owner: supasete.1998@gmail.com
Keyword for login to saucedemo with username and password
${username} : Input username from saucedemo such as standard_user, locked_out_user, problem_user, performance_glitch_user, error_user and visual_user
secret_sauce : Input password from saucedemo such as secret_sauce</doc>
<status status="PASS" start="2025-02-18T15:44:16.522941" elapsed="0.150676"/>
</kw>
<kw name="Select Add Product From List To Cart" owner="saucedemo_keyword">
<kw name="Get Element Count" owner="Browser">
<msg time="2025-02-18T15:44:16.683733" level="INFO">${index} = 6</msg>
<var>${index}</var>
<arg>${lblProduct}</arg>
<tag>Assertion</tag>
<tag>Getter</tag>
<tag>PageContent</tag>
<doc>Returns the count of elements found with ``selector``.</doc>
<status status="PASS" start="2025-02-18T15:44:16.676316" elapsed="0.007417"/>
</kw>
<kw name="Create List" owner="BuiltIn">
<msg time="2025-02-18T15:44:16.685503" level="INFO">${add_product} = []</msg>
<var>${add_product}</var>
<doc>Returns a list containing given items.</doc>
<status status="PASS" start="2025-02-18T15:44:16.684999" elapsed="0.000504"/>
</kw>
<for flavor="IN RANGE">
<iter>
<kw name="Evaluate" owner="BuiltIn">
<msg time="2025-02-18T15:44:16.688531" level="INFO">${i} = 1</msg>
<var>${i}</var>
<arg>${i}+1</arg>
<doc>Evaluates the given expression in Python and returns the result.</doc>
<status status="PASS" start="2025-02-18T15:44:16.688012" elapsed="0.000519"/>
</kw>
<kw name="Click Element" owner="saucedemo_keyword">
<kw name="Wait For Elements State" owner="Browser">
<msg time="2025-02-18T15:44:16.699045" level="INFO">Waited for Element with selector //*[@data-test="inventory-item"][1]/div[2]/div[1]/a/div at state visible</msg>
<arg>${selector}</arg>
<arg>visible</arg>
<tag>PageContent</tag>
<tag>Wait</tag>
<doc>Waits for the element found by ``selector`` to satisfy state option.</doc>
<status status="PASS" start="2025-02-18T15:44:16.690540" elapsed="0.008505"/>
</kw>
<kw name="Click" owner="Browser">
<msg time="2025-02-18T15:44:16.701711" level="INFO">Clicks the element '//*[@data-test="inventory-item"][1]/div[2]/div[1]/a/div'.</msg>
<arg>${selector}</arg>
<tag>PageContent</tag>
<tag>Setter</tag>
<doc>Simulates mouse click on the element found by ``selector``.</doc>
<status status="PASS" start="2025-02-18T15:44:16.700197" elapsed="0.063235"/>
</kw>
<arg>//*[@data-test="inventory-item"][${i}]/div[2]/div[1]/a/div</arg>
<doc>Owner: supasete.1998@gmail.com</doc>
<status status="PASS" start="2025-02-18T15:44:16.689543" elapsed="0.073889"/>
</kw>
<kw name="Get Text" owner="Browser">
<msg time="2025-02-18T15:44:16.788279" level="INFO">Text: 'Sauce Labs Backpack'</msg>
<msg time="2025-02-18T15:44:16.789308" level="INFO">${product_name} = Sauce Labs Backpack</msg>
<var>${product_name}</var>
<arg>${lblProductnamedetailpage}</arg>
<tag>Assertion</tag>
<tag>Getter</tag>
<tag>PageContent</tag>
<doc>Returns text attribute of the element found by ``selector``.</doc>
<status status="PASS" start="2025-02-18T15:44:16.763432" elapsed="0.025876"/>
</kw>
<kw name="Get File" owner="OperatingSystem">
<msg time="2025-02-18T15:44:16.790305" level="INFO" html="true">Getting file '&lt;a href="file://c:\Users\Win 10 Pro\Desktop\Automate\TTSS Interview\configuration\saucedemo\localconfig\selectedProduct.txt"&gt;c:\Users\Win 10 Pro\Desktop\Automate\TTSS Interview\configuration\saucedemo\localconfig\selectedProduct.txt&lt;/a&gt;'.</msg>
<msg time="2025-02-18T15:44:16.791305" level="INFO">${product_list} = Sauce Labs Backpack
Sauce Labs Bolt T-Shirt
Test.allTheThings() T-Shirt (Red)</msg>
<var>${product_list}</var>
<arg>c:\\Users\\Win 10 Pro\\Desktop\\Automate\\TTSS Interview\\repository\\sausedemo/../../configuration/saucedemo/localconfig/selectedProduct.txt</arg>
<doc>Returns the contents of a specified file.</doc>
<status status="PASS" start="2025-02-18T15:44:16.789308" elapsed="0.001997"/>
</kw>
<kw name="Split To Lines" owner="String">
<msg time="2025-02-18T15:44:16.792979" level="INFO">3 lines returned</msg>
<msg time="2025-02-18T15:44:16.792979" level="INFO">${product_list} = ['Sauce Labs Backpack', 'Sauce Labs Bolt T-Shirt', 'Test.allTheThings() T-Shirt (Red)']</msg>
<var>${product_list}</var>
<arg>${product_list}</arg>
<doc>Splits the given string to lines.</doc>
<status status="PASS" start="2025-02-18T15:44:16.792477" elapsed="0.000502"/>
</kw>
<kw name="Run Keyword And Return Status" owner="BuiltIn">
<kw name="List Should Contain Value" owner="Collections">
<arg>${product_list}</arg>
<arg>${product_name}</arg>
<doc>Fails if the ``value`` is not found from ``list``.</doc>
<status status="PASS" start="2025-02-18T15:44:16.793989" elapsed="0.000000"/>
</kw>
<msg time="2025-02-18T15:44:16.793989" level="INFO">${found_selected_product} = True</msg>
<var>${found_selected_product}</var>
<arg>List Should Contain Value</arg>
<arg>${product_list}</arg>
<arg>${product_name}</arg>
<doc>Runs the given keyword with given arguments and returns the status as a Boolean value.</doc>
<status status="PASS" start="2025-02-18T15:44:16.792979" elapsed="0.001010"/>
</kw>
<if>
<branch type="IF" condition="${found_selected_product} == ${True}">
<kw name="Click Element" owner="saucedemo_keyword">
<kw name="Wait For Elements State" owner="Browser">
<msg time="2025-02-18T15:44:16.802862" level="INFO">Waited for Element with selector xpath=//*[@data-test="add-to-cart"] at state visible</msg>
<arg>${selector}</arg>
<arg>visible</arg>
<tag>PageContent</tag>
<tag>Wait</tag>
<doc>Waits for the element found by ``selector`` to satisfy state option.</doc>
<status status="PASS" start="2025-02-18T15:44:16.794985" elapsed="0.007877"/>
</kw>
<kw name="Click" owner="Browser">
<msg time="2025-02-18T15:44:16.804855" level="INFO">Clicks the element 'xpath=//*[@data-test="add-to-cart"]'.</msg>
<arg>${selector}</arg>
<tag>PageContent</tag>
<tag>Setter</tag>
<doc>Simulates mouse click on the element found by ``selector``.</doc>
<status status="PASS" start="2025-02-18T15:44:16.802862" elapsed="0.023956"/>
</kw>
<arg>${btnAddtocartdetailpage}</arg>
<doc>Owner: supasete.1998@gmail.com</doc>
<status status="PASS" start="2025-02-18T15:44:16.794985" elapsed="0.031833"/>
</kw>
<kw name="Append To List" owner="Collections">
<arg>${add_product}</arg>
<arg>${product_name}</arg>
<doc>Adds ``values`` to the end of ``list``.</doc>
<status status="PASS" start="2025-02-18T15:44:16.826818" elapsed="0.001504"/>
</kw>
<kw name="Click Element" owner="saucedemo_keyword">
<kw name="Wait For Elements State" owner="Browser">
<msg time="2025-02-18T15:44:16.834330" level="INFO">Waited for Element with selector xpath=//*[@data-test="back-to-products"] at state visible</msg>
<arg>${selector}</arg>
<arg>visible</arg>
<tag>PageContent</tag>
<tag>Wait</tag>
<doc>Waits for the element found by ``selector`` to satisfy state option.</doc>
<status status="PASS" start="2025-02-18T15:44:16.829342" elapsed="0.004988"/>
</kw>
<kw name="Click" owner="Browser">
<msg time="2025-02-18T15:44:16.835327" level="INFO">Clicks the element 'xpath=//*[@data-test="back-to-products"]'.</msg>
<arg>${selector}</arg>
<tag>PageContent</tag>
<tag>Setter</tag>
<doc>Simulates mouse click on the element found by ``selector``.</doc>
<status status="PASS" start="2025-02-18T15:44:16.834330" elapsed="0.028238"/>
</kw>
<arg>${btnBackToProducts}</arg>
<doc>Owner: supasete.1998@gmail.com</doc>
<status status="PASS" start="2025-02-18T15:44:16.828322" elapsed="0.034246"/>
</kw>
<status status="PASS" start="2025-02-18T15:44:16.794985" elapsed="0.067583"/>
</branch>
<branch type="ELSE">
<kw name="Click Element" owner="saucedemo_keyword">
<arg>${btnBackToProducts}</arg>
<doc>Owner: supasete.1998@gmail.com</doc>
<status status="NOT RUN" start="2025-02-18T15:44:16.862568" elapsed="0.000996"/>
</kw>
<status status="NOT RUN" start="2025-02-18T15:44:16.862568" elapsed="0.000996"/>
</branch>
<status status="PASS" start="2025-02-18T15:44:16.794985" elapsed="0.068579"/>
</if>
<var name="${i}">0</var>
<status status="PASS" start="2025-02-18T15:44:16.686510" elapsed="0.177054"/>
</iter>
<iter>
<kw name="Evaluate" owner="BuiltIn">
<msg time="2025-02-18T15:44:16.863564" level="INFO">${i} = 2</msg>
<var>${i}</var>
<arg>${i}+1</arg>
<doc>Evaluates the given expression in Python and returns the result.</doc>
<status status="PASS" start="2025-02-18T15:44:16.863564" elapsed="0.000997"/>
</kw>
<kw name="Click Element" owner="saucedemo_keyword">
<kw name="Wait For Elements State" owner="Browser">
<msg time="2025-02-18T15:44:16.871454" level="INFO">Waited for Element with selector //*[@data-test="inventory-item"][2]/div[2]/div[1]/a/div at state visible</msg>
<arg>${selector}</arg>
<arg>visible</arg>
<tag>PageContent</tag>
<tag>Wait</tag>
<doc>Waits for the element found by ``selector`` to satisfy state option.</doc>
<status status="PASS" start="2025-02-18T15:44:16.864561" elapsed="0.006893"/>
</kw>
<kw name="Click" owner="Browser">
<msg time="2025-02-18T15:44:16.872450" level="INFO">Clicks the element '//*[@data-test="inventory-item"][2]/div[2]/div[1]/a/div'.</msg>
<arg>${selector}</arg>
<tag>PageContent</tag>
<tag>Setter</tag>
<doc>Simulates mouse click on the element found by ``selector``.</doc>
<status status="PASS" start="2025-02-18T15:44:16.872450" elapsed="0.036385"/>
</kw>
<arg>//*[@data-test="inventory-item"][${i}]/div[2]/div[1]/a/div</arg>
<doc>Owner: supasete.1998@gmail.com</doc>
<status status="PASS" start="2025-02-18T15:44:16.864561" elapsed="0.044274"/>
</kw>
<kw name="Get Text" owner="Browser">
<msg time="2025-02-18T15:44:16.919744" level="INFO">Text: 'Sauce Labs Bike Light'</msg>
<msg time="2025-02-18T15:44:16.920740" level="INFO">${product_name} = Sauce Labs Bike Light</msg>
<var>${product_name}</var>
<arg>${lblProductnamedetailpage}</arg>
<tag>Assertion</tag>
<tag>Getter</tag>
<tag>PageContent</tag>
<doc>Returns text attribute of the element found by ``selector``.</doc>
<status status="PASS" start="2025-02-18T15:44:16.908835" elapsed="0.011905"/>
</kw>
<kw name="Get File" owner="OperatingSystem">
<msg time="2025-02-18T15:44:16.920740" level="INFO" html="true">Getting file '&lt;a href="file://c:\Users\Win 10 Pro\Desktop\Automate\TTSS Interview\configuration\saucedemo\localconfig\selectedProduct.txt"&gt;c:\Users\Win 10 Pro\Desktop\Automate\TTSS Interview\configuration\saucedemo\localconfig\selectedProduct.txt&lt;/a&gt;'.</msg>
<msg time="2025-02-18T15:44:16.922243" level="INFO">${product_list} = Sauce Labs Backpack
Sauce Labs Bolt T-Shirt
Test.allTheThings() T-Shirt (Red)</msg>
<var>${product_list}</var>
<arg>c:\\Users\\Win 10 Pro\\Desktop\\Automate\\TTSS Interview\\repository\\sausedemo/../../configuration/saucedemo/localconfig/selectedProduct.txt</arg>
<doc>Returns the contents of a specified file.</doc>
<status status="PASS" start="2025-02-18T15:44:16.920740" elapsed="0.001503"/>
</kw>
<kw name="Split To Lines" owner="String">
<msg time="2025-02-18T15:44:16.922243" level="INFO">3 lines returned</msg>
<msg time="2025-02-18T15:44:16.923255" level="INFO">${product_list} = ['Sauce Labs Backpack', 'Sauce Labs Bolt T-Shirt', 'Test.allTheThings() T-Shirt (Red)']</msg>
<var>${product_list}</var>
<arg>${product_list}</arg>
<doc>Splits the given string to lines.</doc>
<status status="PASS" start="2025-02-18T15:44:16.922243" elapsed="0.001012"/>
</kw>
<kw name="Run Keyword And Return Status" owner="BuiltIn">
<kw name="List Should Contain Value" owner="Collections">
<msg time="2025-02-18T15:44:16.923255" level="FAIL">[ Sauce Labs Backpack | Sauce Labs Bolt T-Shirt | Test.allTheThings() T-Shirt (Red) ] does not contain value 'Sauce Labs Bike Light'.</msg>
<arg>${product_list}</arg>
<arg>${product_name}</arg>
<doc>Fails if the ``value`` is not found from ``list``.</doc>
<status status="FAIL" start="2025-02-18T15:44:16.923255" elapsed="0.001686">[ Sauce Labs Backpack | Sauce Labs Bolt T-Shirt | Test.allTheThings() T-Shirt (Red) ] does not contain value 'Sauce Labs Bike Light'.</status>
</kw>
<msg time="2025-02-18T15:44:16.924941" level="INFO">${found_selected_product} = False</msg>
<var>${found_selected_product}</var>
<arg>List Should Contain Value</arg>
<arg>${product_list}</arg>
<arg>${product_name}</arg>
<doc>Runs the given keyword with given arguments and returns the status as a Boolean value.</doc>
<status status="PASS" start="2025-02-18T15:44:16.923255" elapsed="0.001686"/>
</kw>
<if>
<branch type="IF" condition="${found_selected_product} == ${True}">
<kw name="Click Element" owner="saucedemo_keyword">
<arg>${btnAddtocartdetailpage}</arg>
<doc>Owner: supasete.1998@gmail.com</doc>
<status status="NOT RUN" start="2025-02-18T15:44:16.925444" elapsed="0.001024"/>
</kw>
<kw name="Append To List" owner="Collections">
<arg>${add_product}</arg>
<arg>${product_name}</arg>
<doc>Adds ``values`` to the end of ``list``.</doc>
<status status="NOT RUN" start="2025-02-18T15:44:16.926468" elapsed="0.000000"/>
</kw>
<kw name="Click Element" owner="saucedemo_keyword">
<arg>${btnBackToProducts}</arg>
<doc>Owner: supasete.1998@gmail.com</doc>
<status status="NOT RUN" start="2025-02-18T15:44:16.926468" elapsed="0.000000"/>
</kw>
<status status="NOT RUN" start="2025-02-18T15:44:16.925444" elapsed="0.001024"/>
</branch>
<branch type="ELSE">
<kw name="Click Element" owner="saucedemo_keyword">
<kw name="Wait For Elements State" owner="Browser">
<msg time="2025-02-18T15:44:16.932991" level="INFO">Waited for Element with selector xpath=//*[@data-test="back-to-products"] at state visible</msg>
<arg>${selector}</arg>
<arg>visible</arg>
<tag>PageContent</tag>
<tag>Wait</tag>
<doc>Waits for the element found by ``selector`` to satisfy state option.</doc>
<status status="PASS" start="2025-02-18T15:44:16.927461" elapsed="0.005530"/>
</kw>
<kw name="Click" owner="Browser">
<msg time="2025-02-18T15:44:16.934012" level="INFO">Clicks the element 'xpath=//*[@data-test="back-to-products"]'.</msg>
<arg>${selector}</arg>
<tag>PageContent</tag>
<tag>Setter</tag>
<doc>Simulates mouse click on the element found by ``selector``.</doc>
<status status="PASS" start="2025-02-18T15:44:16.932991" elapsed="0.023970"/>
</kw>
<arg>${btnBackToProducts}</arg>
<doc>Owner: supasete.1998@gmail.com</doc>
<status status="PASS" start="2025-02-18T15:44:16.926468" elapsed="0.031997"/>
</kw>
<status status="PASS" start="2025-02-18T15:44:16.926468" elapsed="0.031997"/>
</branch>
<status status="PASS" start="2025-02-18T15:44:16.925444" elapsed="0.033021"/>
</if>
<var name="${i}">1</var>
<status status="PASS" start="2025-02-18T15:44:16.863564" elapsed="0.094901"/>
</iter>
<iter>
<kw name="Evaluate" owner="BuiltIn">
<msg time="2025-02-18T15:44:16.960495" level="INFO">${i} = 3</msg>
<var>${i}</var>
<arg>${i}+1</arg>
<doc>Evaluates the given expression in Python and returns the result.</doc>
<status status="PASS" start="2025-02-18T15:44:16.959502" elapsed="0.000993"/>
</kw>
<kw name="Click Element" owner="saucedemo_keyword">
<kw name="Wait For Elements State" owner="Browser">
<msg time="2025-02-18T15:44:16.966476" level="INFO">Waited for Element with selector //*[@data-test="inventory-item"][3]/div[2]/div[1]/a/div at state visible</msg>
<arg>${selector}</arg>
<arg>visible</arg>
<tag>PageContent</tag>
<tag>Wait</tag>
<doc>Waits for the element found by ``selector`` to satisfy state option.</doc>
<status status="PASS" start="2025-02-18T15:44:16.961492" elapsed="0.006492"/>
</kw>
<kw name="Click" owner="Browser">
<msg time="2025-02-18T15:44:16.969013" level="INFO">Clicks the element '//*[@data-test="inventory-item"][3]/div[2]/div[1]/a/div'.</msg>
<arg>${selector}</arg>
<tag>PageContent</tag>
<tag>Setter</tag>
<doc>Simulates mouse click on the element found by ``selector``.</doc>
<status status="PASS" start="2025-02-18T15:44:16.967984" elapsed="0.028143"/>
</kw>
<arg>//*[@data-test="inventory-item"][${i}]/div[2]/div[1]/a/div</arg>
<doc>Owner: supasete.1998@gmail.com</doc>
<status status="PASS" start="2025-02-18T15:44:16.960495" elapsed="0.035632"/>
</kw>
<kw name="Get Text" owner="Browser">
<msg time="2025-02-18T15:44:17.008112" level="INFO">Text: 'Sauce Labs Bolt T-Shirt'</msg>
<msg time="2025-02-18T15:44:17.008112" level="INFO">${product_name} = Sauce Labs Bolt T-Shirt</msg>
<var>${product_name}</var>
<arg>${lblProductnamedetailpage}</arg>
<tag>Assertion</tag>
<tag>Getter</tag>
<tag>PageContent</tag>
<doc>Returns text attribute of the element found by ``selector``.</doc>
<status status="PASS" start="2025-02-18T15:44:16.996127" elapsed="0.011985"/>
</kw>
<kw name="Get File" owner="OperatingSystem">
<msg time="2025-02-18T15:44:17.009131" level="INFO" html="true">Getting file '&lt;a href="file://c:\Users\Win 10 Pro\Desktop\Automate\TTSS Interview\configuration\saucedemo\localconfig\selectedProduct.txt"&gt;c:\Users\Win 10 Pro\Desktop\Automate\TTSS Interview\configuration\saucedemo\localconfig\selectedProduct.txt&lt;/a&gt;'.</msg>
<msg time="2025-02-18T15:44:17.010127" level="INFO">${product_list} = Sauce Labs Backpack
Sauce Labs Bolt T-Shirt
Test.allTheThings() T-Shirt (Red)</msg>
<var>${product_list}</var>
<arg>c:\\Users\\Win 10 Pro\\Desktop\\Automate\\TTSS Interview\\repository\\sausedemo/../../configuration/saucedemo/localconfig/selectedProduct.txt</arg>
<doc>Returns the contents of a specified file.</doc>
<status status="PASS" start="2025-02-18T15:44:17.008112" elapsed="0.002015"/>
</kw>
<kw name="Split To Lines" owner="String">
<msg time="2025-02-18T15:44:17.011490" level="INFO">3 lines returned</msg>
<msg time="2025-02-18T15:44:17.011490" level="INFO">${product_list} = ['Sauce Labs Backpack', 'Sauce Labs Bolt T-Shirt', 'Test.allTheThings() T-Shirt (Red)']</msg>
<var>${product_list}</var>
<arg>${product_list}</arg>
<doc>Splits the given string to lines.</doc>
<status status="PASS" start="2025-02-18T15:44:17.010127" elapsed="0.001363"/>
</kw>
<kw name="Run Keyword And Return Status" owner="BuiltIn">
<kw name="List Should Contain Value" owner="Collections">
<arg>${product_list}</arg>
<arg>${product_name}</arg>
<doc>Fails if the ``value`` is not found from ``list``.</doc>
<status status="PASS" start="2025-02-18T15:44:17.012486" elapsed="0.000000"/>
</kw>
<msg time="2025-02-18T15:44:17.012486" level="INFO">${found_selected_product} = True</msg>
<var>${found_selected_product}</var>
<arg>List Should Contain Value</arg>
<arg>${product_list}</arg>
<arg>${product_name}</arg>
<doc>Runs the given keyword with given arguments and returns the status as a Boolean value.</doc>
<status status="PASS" start="2025-02-18T15:44:17.012486" elapsed="0.000000"/>
</kw>
<if>
<branch type="IF" condition="${found_selected_product} == ${True}">
<kw name="Click Element" owner="saucedemo_keyword">
<kw name="Wait For Elements State" owner="Browser">
<msg time="2025-02-18T15:44:17.017471" level="INFO">Waited for Element with selector xpath=//*[@data-test="add-to-cart"] at state visible</msg>
<arg>${selector}</arg>
<arg>visible</arg>
<tag>PageContent</tag>
<tag>Wait</tag>
<doc>Waits for the element found by ``selector`` to satisfy state option.</doc>
<status status="PASS" start="2025-02-18T15:44:17.013485" elapsed="0.003986"/>
</kw>
<kw name="Click" owner="Browser">
<msg time="2025-02-18T15:44:17.018467" level="INFO">Clicks the element 'xpath=//*[@data-test="add-to-cart"]'.</msg>
<arg>${selector}</arg>
<tag>PageContent</tag>
<tag>Setter</tag>
<doc>Simulates mouse click on the element found by ``selector``.</doc>
<status status="PASS" start="2025-02-18T15:44:17.017471" elapsed="0.014926"/>
</kw>
<arg>${btnAddtocartdetailpage}</arg>
<doc>Owner: supasete.1998@gmail.com</doc>
<status status="PASS" start="2025-02-18T15:44:17.013485" elapsed="0.018912"/>
</kw>
<kw name="Append To List" owner="Collections">
<arg>${add_product}</arg>
<arg>${product_name}</arg>
<doc>Adds ``values`` to the end of ``list``.</doc>
<status status="PASS" start="2025-02-18T15:44:17.033394" elapsed="0.000000"/>
</kw>
<kw name="Click Element" owner="saucedemo_keyword">
<kw name="Wait For Elements State" owner="Browser">
<msg time="2025-02-18T15:44:17.037380" level="INFO">Waited for Element with selector xpath=//*[@data-test="back-to-products"] at state visible</msg>
<arg>${selector}</arg>
<arg>visible</arg>
<tag>PageContent</tag>
<tag>Wait</tag>
<doc>Waits for the element found by ``selector`` to satisfy state option.</doc>
<status status="PASS" start="2025-02-18T15:44:17.034390" elapsed="0.002990"/>
</kw>
<kw name="Click" owner="Browser">
<msg time="2025-02-18T15:44:17.038880" level="INFO">Clicks the element 'xpath=//*[@data-test="back-to-products"]'.</msg>
<arg>${selector}</arg>
<tag>PageContent</tag>
<tag>Setter</tag>
<doc>Simulates mouse click on the element found by ``selector``.</doc>
<status status="PASS" start="2025-02-18T15:44:17.038377" elapsed="0.018753"/>
</kw>
<arg>${btnBackToProducts}</arg>
<doc>Owner: supasete.1998@gmail.com</doc>
<status status="PASS" start="2025-02-18T15:44:17.033394" elapsed="0.024732"/>
</kw>
<status status="PASS" start="2025-02-18T15:44:17.013485" elapsed="0.044641"/>
</branch>
<branch type="ELSE">
<kw name="Click Element" owner="saucedemo_keyword">
<arg>${btnBackToProducts}</arg>
<doc>Owner: supasete.1998@gmail.com</doc>
<status status="NOT RUN" start="2025-02-18T15:44:17.058126" elapsed="0.000000"/>
</kw>
<status status="NOT RUN" start="2025-02-18T15:44:17.058126" elapsed="0.000000"/>
</branch>
<status status="PASS" start="2025-02-18T15:44:17.013485" elapsed="0.044641"/>
</if>
<var name="${i}">2</var>
<status status="PASS" start="2025-02-18T15:44:16.958465" elapsed="0.099661"/>
</iter>
<iter>
<kw name="Evaluate" owner="BuiltIn">
<msg time="2025-02-18T15:44:17.059404" level="INFO">${i} = 4</msg>
<var>${i}</var>
<arg>${i}+1</arg>
<doc>Evaluates the given expression in Python and returns the result.</doc>
<status status="PASS" start="2025-02-18T15:44:17.059404" elapsed="0.000998"/>
</kw>
<kw name="Click Element" owner="saucedemo_keyword">
<kw name="Wait For Elements State" owner="Browser">
<msg time="2025-02-18T15:44:17.064393" level="INFO">Waited for Element with selector //*[@data-test="inventory-item"][4]/div[2]/div[1]/a/div at state visible</msg>
<arg>${selector}</arg>
<arg>visible</arg>
<tag>PageContent</tag>
<tag>Wait</tag>
<doc>Waits for the element found by ``selector`` to satisfy state option.</doc>
<status status="PASS" start="2025-02-18T15:44:17.060402" elapsed="0.004987"/>
</kw>
<kw name="Click" owner="Browser">
<msg time="2025-02-18T15:44:17.065389" level="INFO">Clicks the element '//*[@data-test="inventory-item"][4]/div[2]/div[1]/a/div'.</msg>
<arg>${selector}</arg>
<tag>PageContent</tag>
<tag>Setter</tag>
<doc>Simulates mouse click on the element found by ``selector``.</doc>
<status status="PASS" start="2025-02-18T15:44:17.065389" elapsed="0.021736"/>
</kw>
<arg>//*[@data-test="inventory-item"][${i}]/div[2]/div[1]/a/div</arg>
<doc>Owner: supasete.1998@gmail.com</doc>
<status status="PASS" start="2025-02-18T15:44:17.060402" elapsed="0.027438"/>
</kw>
<kw name="Get Text" owner="Browser">
<msg time="2025-02-18T15:44:17.097348" level="INFO">Text: 'Sauce Labs Fleece Jacket'</msg>
<msg time="2025-02-18T15:44:17.097348" level="INFO">${product_name} = Sauce Labs Fleece Jacket</msg>
<var>${product_name}</var>
<arg>${lblProductnamedetailpage}</arg>
<tag>Assertion</tag>
<tag>Getter</tag>
<tag>PageContent</tag>
<doc>Returns text attribute of the element found by ``selector``.</doc>
<status status="PASS" start="2025-02-18T15:44:17.087840" elapsed="0.009508"/>
</kw>
<kw name="Get File" owner="OperatingSystem">
<msg time="2025-02-18T15:44:17.098345" level="INFO" html="true">Getting file '&lt;a href="file://c:\Users\Win 10 Pro\Desktop\Automate\TTSS Interview\configuration\saucedemo\localconfig\selectedProduct.txt"&gt;c:\Users\Win 10 Pro\Desktop\Automate\TTSS Interview\configuration\saucedemo\localconfig\selectedProduct.txt&lt;/a&gt;'.</msg>
<msg time="2025-02-18T15:44:17.098850" level="INFO">${product_list} = Sauce Labs Backpack
Sauce Labs Bolt T-Shirt
Test.allTheThings() T-Shirt (Red)</msg>
<var>${product_list}</var>
<arg>c:\\Users\\Win 10 Pro\\Desktop\\Automate\\TTSS Interview\\repository\\sausedemo/../../configuration/saucedemo/localconfig/selectedProduct.txt</arg>
<doc>Returns the contents of a specified file.</doc>
<status status="PASS" start="2025-02-18T15:44:17.097348" elapsed="0.001502"/>
</kw>
<kw name="Split To Lines" owner="String">
<msg time="2025-02-18T15:44:17.098850" level="INFO">3 lines returned</msg>
<msg time="2025-02-18T15:44:17.098850" level="INFO">${product_list} = ['Sauce Labs Backpack', 'Sauce Labs Bolt T-Shirt', 'Test.allTheThings() T-Shirt (Red)']</msg>
<var>${product_list}</var>
<arg>${product_list}</arg>
<doc>Splits the given string to lines.</doc>
<status status="PASS" start="2025-02-18T15:44:17.098850" elapsed="0.000000"/>
</kw>
<kw name="Run Keyword And Return Status" owner="BuiltIn">
<kw name="List Should Contain Value" owner="Collections">
<msg time="2025-02-18T15:44:17.100019" level="FAIL">[ Sauce Labs Backpack | Sauce Labs Bolt T-Shirt | Test.allTheThings() T-Shirt (Red) ] does not contain value 'Sauce Labs Fleece Jacket'.</msg>
<arg>${product_list}</arg>
<arg>${product_name}</arg>
<doc>Fails if the ``value`` is not found from ``list``.</doc>
<status status="FAIL" start="2025-02-18T15:44:17.100019" elapsed="0.000997">[ Sauce Labs Backpack | Sauce Labs Bolt T-Shirt | Test.allTheThings() T-Shirt (Red) ] does not contain value 'Sauce Labs Fleece Jacket'.</status>
</kw>
<msg time="2025-02-18T15:44:17.101016" level="INFO">${found_selected_product} = False</msg>
<var>${found_selected_product}</var>
<arg>List Should Contain Value</arg>
<arg>${product_list}</arg>
<arg>${product_name}</arg>
<doc>Runs the given keyword with given arguments and returns the status as a Boolean value.</doc>
<status status="PASS" start="2025-02-18T15:44:17.098850" elapsed="0.002166"/>
</kw>
<if>
<branch type="IF" condition="${found_selected_product} == ${True}">
<kw name="Click Element" owner="saucedemo_keyword">
<arg>${btnAddtocartdetailpage}</arg>
<doc>Owner: supasete.1998@gmail.com</doc>
<status status="NOT RUN" start="2025-02-18T15:44:17.102787" elapsed="0.000000"/>
</kw>
<kw name="Append To List" owner="Collections">
<arg>${add_product}</arg>
<arg>${product_name}</arg>
<doc>Adds ``values`` to the end of ``list``.</doc>
<status status="NOT RUN" start="2025-02-18T15:44:17.102787" elapsed="0.000000"/>
</kw>
<kw name="Click Element" owner="saucedemo_keyword">
<arg>${btnBackToProducts}</arg>
<doc>Owner: supasete.1998@gmail.com</doc>
<status status="NOT RUN" start="2025-02-18T15:44:17.102787" elapsed="0.000000"/>
</kw>
<status status="NOT RUN" start="2025-02-18T15:44:17.102012" elapsed="0.000775"/>
</branch>
<branch type="ELSE">
<kw name="Click Element" owner="saucedemo_keyword">
<kw name="Wait For Elements State" owner="Browser">
<msg time="2025-02-18T15:44:17.108290" level="INFO">Waited for Element with selector xpath=//*[@data-test="back-to-products"] at state visible</msg>
<arg>${selector}</arg>
<arg>visible</arg>
<tag>PageContent</tag>
<tag>Wait</tag>
<doc>Waits for the element found by ``selector`` to satisfy state option.</doc>
<status status="PASS" start="2025-02-18T15:44:17.103792" elapsed="0.004498"/>
</kw>
<kw name="Click" owner="Browser">
<msg time="2025-02-18T15:44:17.109317" level="INFO">Clicks the element 'xpath=//*[@data-test="back-to-products"]'.</msg>
<arg>${selector}</arg>
<tag>PageContent</tag>
<tag>Setter</tag>
<doc>Simulates mouse click on the element found by ``selector``.</doc>
<status status="PASS" start="2025-02-18T15:44:17.108290" elapsed="0.021205"/>
</kw>
<arg>${btnBackToProducts}</arg>
<doc>Owner: supasete.1998@gmail.com</doc>
<status status="PASS" start="2025-02-18T15:44:17.102787" elapsed="0.027705"/>
</kw>
<status status="PASS" start="2025-02-18T15:44:17.102787" elapsed="0.027705"/>
</branch>
<status status="PASS" start="2025-02-18T15:44:17.102012" elapsed="0.028480"/>
</if>
<var name="${i}">3</var>
<status status="PASS" start="2025-02-18T15:44:17.059404" elapsed="0.071088"/>
</iter>
<iter>
<kw name="Evaluate" owner="BuiltIn">
<msg time="2025-02-18T15:44:17.131909" level="INFO">${i} = 5</msg>
<var>${i}</var>
<arg>${i}+1</arg>
<doc>Evaluates the given expression in Python and returns the result.</doc>
<status status="PASS" start="2025-02-18T15:44:17.131909" elapsed="0.001173"/>
</kw>
<kw name="Click Element" owner="saucedemo_keyword">
<kw name="Wait For Elements State" owner="Browser">
<msg time="2025-02-18T15:44:17.138609" level="INFO">Waited for Element with selector //*[@data-test="inventory-item"][5]/div[2]/div[1]/a/div at state visible</msg>
<arg>${selector}</arg>
<arg>visible</arg>
<tag>PageContent</tag>
<tag>Wait</tag>
<doc>Waits for the element found by ``selector`` to satisfy state option.</doc>
<status status="PASS" start="2025-02-18T15:44:17.133585" elapsed="0.005024"/>
</kw>
<kw name="Click" owner="Browser">
<msg time="2025-02-18T15:44:17.140018" level="INFO">Clicks the element '//*[@data-test="inventory-item"][5]/div[2]/div[1]/a/div'.</msg>
<arg>${selector}</arg>
<tag>PageContent</tag>
<tag>Setter</tag>
<doc>Simulates mouse click on the element found by ``selector``.</doc>
<status status="PASS" start="2025-02-18T15:44:17.138609" elapsed="0.032631"/>
</kw>
<arg>//*[@data-test="inventory-item"][${i}]/div[2]/div[1]/a/div</arg>
<doc>Owner: supasete.1998@gmail.com</doc>
<status status="PASS" start="2025-02-18T15:44:17.133082" elapsed="0.038158"/>
</kw>
<kw name="Get Text" owner="Browser">
<msg time="2025-02-18T15:44:17.183020" level="INFO">Text: 'Sauce Labs Onesie'</msg>
<msg time="2025-02-18T15:44:17.184016" level="INFO">${product_name} = Sauce Labs Onesie</msg>
<var>${product_name}</var>
<arg>${lblProductnamedetailpage}</arg>
<tag>Assertion</tag>
<tag>Getter</tag>
<tag>PageContent</tag>
<doc>Returns text attribute of the element found by ``selector``.</doc>
<status status="PASS" start="2025-02-18T15:44:17.172239" elapsed="0.011777"/>
</kw>
<kw name="Get File" owner="OperatingSystem">
<msg time="2025-02-18T15:44:17.184016" level="INFO" html="true">Getting file '&lt;a href="file://c:\Users\Win 10 Pro\Desktop\Automate\TTSS Interview\configuration\saucedemo\localconfig\selectedProduct.txt"&gt;c:\Users\Win 10 Pro\Desktop\Automate\TTSS Interview\configuration\saucedemo\localconfig\selectedProduct.txt&lt;/a&gt;'.</msg>
<msg time="2025-02-18T15:44:17.185013" level="INFO">${product_list} = Sauce Labs Backpack
Sauce Labs Bolt T-Shirt
Test.allTheThings() T-Shirt (Red)</msg>
<var>${product_list}</var>
<arg>c:\\Users\\Win 10 Pro\\Desktop\\Automate\\TTSS Interview\\repository\\sausedemo/../../configuration/saucedemo/localconfig/selectedProduct.txt</arg>
<doc>Returns the contents of a specified file.</doc>
<status status="PASS" start="2025-02-18T15:44:17.184016" elapsed="0.000997"/>
</kw>
<kw name="Split To Lines" owner="String">
<msg time="2025-02-18T15:44:17.186011" level="INFO">3 lines returned</msg>
<msg time="2025-02-18T15:44:17.186011" level="INFO">${product_list} = ['Sauce Labs Backpack', 'Sauce Labs Bolt T-Shirt', 'Test.allTheThings() T-Shirt (Red)']</msg>
<var>${product_list}</var>
<arg>${product_list}</arg>
<doc>Splits the given string to lines.</doc>
<status status="PASS" start="2025-02-18T15:44:17.185013" elapsed="0.000998"/>
</kw>
<kw name="Run Keyword And Return Status" owner="BuiltIn">
<kw name="List Should Contain Value" owner="Collections">
<msg time="2025-02-18T15:44:17.187006" level="FAIL">[ Sauce Labs Backpack | Sauce Labs Bolt T-Shirt | Test.allTheThings() T-Shirt (Red) ] does not contain value 'Sauce Labs Onesie'.</msg>
<arg>${product_list}</arg>
<arg>${product_name}</arg>
<doc>Fails if the ``value`` is not found from ``list``.</doc>
<status status="FAIL" start="2025-02-18T15:44:17.187006" elapsed="0.000000">[ Sauce Labs Backpack | Sauce Labs Bolt T-Shirt | Test.allTheThings() T-Shirt (Red) ] does not contain value 'Sauce Labs Onesie'.</status>
</kw>
<msg time="2025-02-18T15:44:17.187006" level="INFO">${found_selected_product} = False</msg>
<var>${found_selected_product}</var>
<arg>List Should Contain Value</arg>
<arg>${product_list}</arg>
<arg>${product_name}</arg>
<doc>Runs the given keyword with given arguments and returns the status as a Boolean value.</doc>
<status status="PASS" start="2025-02-18T15:44:17.186011" elapsed="0.001993"/>
</kw>
<if>
<branch type="IF" condition="${found_selected_product} == ${True}">
<kw name="Click Element" owner="saucedemo_keyword">
<arg>${btnAddtocartdetailpage}</arg>
<doc>Owner: supasete.1998@gmail.com</doc>
<status status="NOT RUN" start="2025-02-18T15:44:17.188507" elapsed="0.000000"/>
</kw>
<kw name="Append To List" owner="Collections">
<arg>${add_product}</arg>
<arg>${product_name}</arg>
<doc>Adds ``values`` to the end of ``list``.</doc>
<status status="NOT RUN" start="2025-02-18T15:44:17.188507" elapsed="0.000000"/>
</kw>
<kw name="Click Element" owner="saucedemo_keyword">
<arg>${btnBackToProducts}</arg>
<doc>Owner: supasete.1998@gmail.com</doc>
<status status="NOT RUN" start="2025-02-18T15:44:17.188507" elapsed="0.000000"/>
</kw>
<status status="NOT RUN" start="2025-02-18T15:44:17.188004" elapsed="0.000503"/>
</branch>
<branch type="ELSE">
<kw name="Click Element" owner="saucedemo_keyword">
<kw name="Wait For Elements State" owner="Browser">
<msg time="2025-02-18T15:44:17.193934" level="INFO">Waited for Element with selector xpath=//*[@data-test="back-to-products"] at state visible</msg>
<arg>${selector}</arg>
<arg>visible</arg>
<tag>PageContent</tag>
<tag>Wait</tag>
<doc>Waits for the element found by ``selector`` to satisfy state option.</doc>
<status status="PASS" start="2025-02-18T15:44:17.189515" elapsed="0.005567"/>
</kw>
<kw name="Click" owner="Browser">
<msg time="2025-02-18T15:44:17.195586" level="INFO">Clicks the element 'xpath=//*[@data-test="back-to-products"]'.</msg>
<arg>${selector}</arg>
<tag>PageContent</tag>
<tag>Setter</tag>
<doc>Simulates mouse click on the element found by ``selector``.</doc>
<status status="PASS" start="2025-02-18T15:44:17.195082" elapsed="0.019540"/>
</kw>
<arg>${btnBackToProducts}</arg>
<doc>Owner: supasete.1998@gmail.com</doc>
<status status="PASS" start="2025-02-18T15:44:17.188507" elapsed="0.026115"/>
</kw>
<status status="PASS" start="2025-02-18T15:44:17.188507" elapsed="0.026115"/>
</branch>
<status status="PASS" start="2025-02-18T15:44:17.188004" elapsed="0.026618"/>
</if>
<var name="${i}">4</var>
<status status="PASS" start="2025-02-18T15:44:17.130492" elapsed="0.084130"/>
</iter>
<iter>
<kw name="Evaluate" owner="BuiltIn">
<msg time="2025-02-18T15:44:17.216616" level="INFO">${i} = 6</msg>
<var>${i}</var>
<arg>${i}+1</arg>
<doc>Evaluates the given expression in Python and returns the result.</doc>
<status status="PASS" start="2025-02-18T15:44:17.215619" elapsed="0.000997"/>
</kw>
<kw name="Click Element" owner="saucedemo_keyword">
<kw name="Wait For Elements State" owner="Browser">
<msg time="2025-02-18T15:44:17.221123" level="INFO">Waited for Element with selector //*[@data-test="inventory-item"][6]/div[2]/div[1]/a/div at state visible</msg>
<arg>${selector}</arg>
<arg>visible</arg>
<tag>PageContent</tag>
<tag>Wait</tag>
<doc>Waits for the element found by ``selector`` to satisfy state option.</doc>
<status status="PASS" start="2025-02-18T15:44:17.216616" elapsed="0.006009"/>
</kw>
<kw name="Click" owner="Browser">
<msg time="2025-02-18T15:44:17.223639" level="INFO">Clicks the element '//*[@data-test="inventory-item"][6]/div[2]/div[1]/a/div'.</msg>
<arg>${selector}</arg>
<tag>PageContent</tag>
<tag>Setter</tag>
<doc>Simulates mouse click on the element found by ``selector``.</doc>
<status status="PASS" start="2025-02-18T15:44:17.222625" elapsed="0.035474"/>
</kw>
<arg>//*[@data-test="inventory-item"][${i}]/div[2]/div[1]/a/div</arg>
<doc>Owner: supasete.1998@gmail.com</doc>
<status status="PASS" start="2025-02-18T15:44:17.216616" elapsed="0.042577"/>
</kw>
<kw name="Get Text" owner="Browser">
<msg time="2025-02-18T15:44:17.268909" level="INFO">Text: 'Test.allTheThings() T-Shirt (Red)'</msg>
<msg time="2025-02-18T15:44:17.269909" level="INFO">${product_name} = Test.allTheThings() T-Shirt (Red)</msg>
<var>${product_name}</var>
<arg>${lblProductnamedetailpage}</arg>
<tag>Assertion</tag>
<tag>Getter</tag>
<tag>PageContent</tag>
<doc>Returns text attribute of the element found by ``selector``.</doc>
<status status="PASS" start="2025-02-18T15:44:17.259193" elapsed="0.010716"/>
</kw>
<kw name="Get File" owner="OperatingSystem">
<msg time="2025-02-18T15:44:17.271907" level="INFO" html="true">Getting file '&lt;a href="file://c:\Users\Win 10 Pro\Desktop\Automate\TTSS Interview\configuration\saucedemo\localconfig\selectedProduct.txt"&gt;c:\Users\Win 10 Pro\Desktop\Automate\TTSS Interview\configuration\saucedemo\localconfig\selectedProduct.txt&lt;/a&gt;'.</msg>
<msg time="2025-02-18T15:44:17.271907" level="INFO">${product_list} = Sauce Labs Backpack
Sauce Labs Bolt T-Shirt
Test.allTheThings() T-Shirt (Red)</msg>
<var>${product_list}</var>
<arg>c:\\Users\\Win 10 Pro\\Desktop\\Automate\\TTSS Interview\\repository\\sausedemo/../../configuration/saucedemo/localconfig/selectedProduct.txt</arg>
<doc>Returns the contents of a specified file.</doc>
<status status="PASS" start="2025-02-18T15:44:17.270905" elapsed="0.001002"/>
</kw>
<kw name="Split To Lines" owner="String">
<msg time="2025-02-18T15:44:17.272903" level="INFO">3 lines returned</msg>
<msg time="2025-02-18T15:44:17.273901" level="INFO">${product_list} = ['Sauce Labs Backpack', 'Sauce Labs Bolt T-Shirt', 'Test.allTheThings() T-Shirt (Red)']</msg>
<var>${product_list}</var>
<arg>${product_list}</arg>
<doc>Splits the given string to lines.</doc>
<status status="PASS" start="2025-02-18T15:44:17.272903" elapsed="0.000998"/>
</kw>
<kw name="Run Keyword And Return Status" owner="BuiltIn">
<kw name="List Should Contain Value" owner="Collections">
<arg>${product_list}</arg>
<arg>${product_name}</arg>
<doc>Fails if the ``value`` is not found from ``list``.</doc>
<status status="PASS" start="2025-02-18T15:44:17.274897" elapsed="0.000000"/>
</kw>
<msg time="2025-02-18T15:44:17.274897" level="INFO">${found_selected_product} = True</msg>
<var>${found_selected_product}</var>
<arg>List Should Contain Value</arg>
<arg>${product_list}</arg>
<arg>${product_name}</arg>
<doc>Runs the given keyword with given arguments and returns the status as a Boolean value.</doc>
<status status="PASS" start="2025-02-18T15:44:17.273901" elapsed="0.000996"/>
</kw>
<if>
<branch type="IF" condition="${found_selected_product} == ${True}">
<kw name="Click Element" owner="saucedemo_keyword">
<kw name="Wait For Elements State" owner="Browser">
<msg time="2025-02-18T15:44:17.279917" level="INFO">Waited for Element with selector xpath=//*[@data-test="add-to-cart"] at state visible</msg>
<arg>${selector}</arg>
<arg>visible</arg>
<tag>PageContent</tag>
<tag>Wait</tag>
<doc>Waits for the element found by ``selector`` to satisfy state option.</doc>
<status status="PASS" start="2025-02-18T15:44:17.275400" elapsed="0.004517"/>
</kw>
<kw name="Click" owner="Browser">
<msg time="2025-02-18T15:44:17.280910" level="INFO">Clicks the element 'xpath=//*[@data-test="add-to-cart"]'.</msg>
<arg>${selector}</arg>
<tag>PageContent</tag>
<tag>Setter</tag>
<doc>Simulates mouse click on the element found by ``selector``.</doc>
<status status="PASS" start="2025-02-18T15:44:17.280910" elapsed="0.016038"/>
</kw>
<arg>${btnAddtocartdetailpage}</arg>
<doc>Owner: supasete.1998@gmail.com</doc>
<status status="PASS" start="2025-02-18T15:44:17.275400" elapsed="0.021548"/>
</kw>
<kw name="Append To List" owner="Collections">
<arg>${add_product}</arg>
<arg>${product_name}</arg>
<doc>Adds ``values`` to the end of ``list``.</doc>
<status status="PASS" start="2025-02-18T15:44:17.296948" elapsed="0.000000"/>
</kw>
<kw name="Click Element" owner="saucedemo_keyword">
<kw name="Wait For Elements State" owner="Browser">
<msg time="2025-02-18T15:44:17.302466" level="INFO">Waited for Element with selector xpath=//*[@data-test="back-to-products"] at state visible</msg>
<arg>${selector}</arg>
<arg>visible</arg>
<tag>PageContent</tag>
<tag>Wait</tag>
<doc>Waits for the element found by ``selector`` to satisfy state option.</doc>
<status status="PASS" start="2025-02-18T15:44:17.296948" elapsed="0.005518"/>
</kw>
<kw name="Click" owner="Browser">
<msg time="2025-02-18T15:44:17.303462" level="INFO">Clicks the element 'xpath=//*[@data-test="back-to-products"]'.</msg>
<arg>${selector}</arg>
<tag>PageContent</tag>
<tag>Setter</tag>
<doc>Simulates mouse click on the element found by ``selector``.</doc>
<status status="PASS" start="2025-02-18T15:44:17.302466" elapsed="0.026550"/>
</kw>
<arg>${btnBackToProducts}</arg>
<doc>Owner: supasete.1998@gmail.com</doc>
<status status="PASS" start="2025-02-18T15:44:17.296948" elapsed="0.033064"/>
</kw>
<status status="PASS" start="2025-02-18T15:44:17.275400" elapsed="0.054612"/>
</branch>
<branch type="ELSE">
<kw name="Click Element" owner="saucedemo_keyword">
<arg>${btnBackToProducts}</arg>
<doc>Owner: supasete.1998@gmail.com</doc>
<status status="NOT RUN" start="2025-02-18T15:44:17.331013" elapsed="0.000000"/>
</kw>
<status status="NOT RUN" start="2025-02-18T15:44:17.330012" elapsed="0.001001"/>
</branch>
<status status="PASS" start="2025-02-18T15:44:17.275400" elapsed="0.055613"/>
</if>
<var name="${i}">5</var>
<status status="PASS" start="2025-02-18T15:44:17.215619" elapsed="0.115394"/>
</iter>
<var>${i}</var>
<value>${index}</value>
<status status="PASS" start="2025-02-18T15:44:16.686510" elapsed="0.644503"/>
</for>
<kw name="Set Test Variable" owner="BuiltIn">
<msg time="2025-02-18T15:44:17.332009" level="INFO">${ADD_PRODUCT} = ['Sauce Labs Backpack', 'Sauce Labs Bolt T-Shirt', 'Test.allTheThings() T-Shirt (Red)']</msg>
<arg>${ADD_PRODUCT}</arg>
<arg>${add_product}</arg>
<doc>Makes a variable available everywhere within the scope of the current test.</doc>
<status status="PASS" start="2025-02-18T15:44:17.331013" elapsed="0.000996"/>
</kw>
<doc>Owner: supasete.1998@gmail.com
Keyword for select product that contain T-Shirt, Backpack and Flashlight in product name and click add to cart</doc>
<status status="PASS" start="2025-02-18T15:44:16.675306" elapsed="0.656703"/>
</kw>
<kw name="Go To Shopping Cart Page" owner="saucedemo_keyword">
<kw name="Click Element" owner="saucedemo_keyword">
<kw name="Wait For Elements State" owner="Browser">
<msg time="2025-02-18T15:44:17.338220" level="INFO">Waited for Element with selector data-test=shopping-cart-link at state visible</msg>
<arg>${selector}</arg>
<arg>visible</arg>
<tag>PageContent</tag>
<tag>Wait</tag>
<doc>Waits for the element found by ``selector`` to satisfy state option.</doc>
<status status="PASS" start="2025-02-18T15:44:17.333005" elapsed="0.005215"/>
</kw>
<kw name="Click" owner="Browser">
<msg time="2025-02-18T15:44:17.339241" level="INFO">Clicks the element 'data-test=shopping-cart-link'.</msg>
<arg>${selector}</arg>
<tag>PageContent</tag>
<tag>Setter</tag>
<doc>Simulates mouse click on the element found by ``selector``.</doc>
<status status="PASS" start="2025-02-18T15:44:17.339241" elapsed="0.033322"/>
</kw>
<arg>${btnShoppingcart}</arg>
<doc>Owner: supasete.1998@gmail.com</doc>
<status status="PASS" start="2025-02-18T15:44:17.333005" elapsed="0.040556"/>
</kw>
<kw name="Wait For Elements State" owner="Browser">
<msg time="2025-02-18T15:44:17.382966" level="INFO">Waited for Element with selector data-test=title at state visible</msg>
<arg>${lblTitlecartpage}</arg>
<arg>visible</arg>
<tag>PageContent</tag>
<tag>Wait</tag>
<doc>Waits for the element found by ``selector`` to satisfy state option.</doc>
<status status="PASS" start="2025-02-18T15:44:17.373561" elapsed="0.009405"/>
</kw>
<kw name="Get Text" owner="Browser">
<msg time="2025-02-18T15:44:17.396683" level="INFO">Text: 'Your Cart'</msg>
<msg time="2025-02-18T15:44:17.397185" level="INFO">${checkout_title} = Your Cart</msg>
<var>${checkout_title}</var>
<arg>${lblTitlecartpage}</arg>
<tag>Assertion</tag>
<tag>Getter</tag>
<tag>PageContent</tag>
<doc>Returns text attribute of the element found by ``selector``.</doc>
<status status="PASS" start="2025-02-18T15:44:17.382966" elapsed="0.015219"/>
</kw>
<kw name="Should Be Equal" owner="BuiltIn">
<arg>${checkout_title}</arg>
<arg>Your Cart</arg>
<doc>Fails if the given objects are unequal.</doc>
<status status="PASS" start="2025-02-18T15:44:17.398687" elapsed="0.000999"/>
</kw>
<doc>Owner: supasete.1998@gmail.com
Keyword for go to shopping cart page and verify title</doc>
<status status="PASS" start="2025-02-18T15:44:17.333005" elapsed="0.066681"/>
</kw>
<kw name="Verify Product In Cart Equal Selected Product" owner="saucedemo_keyword">
<kw name="Get Element Count" owner="Browser">
<msg time="2025-02-18T15:44:17.406665" level="INFO">${count_product_in_cart} = 3</msg>
<var>${count_product_in_cart}</var>
<arg>${lblProductNameCartPage}</arg>
<tag>Assertion</tag>
<tag>Getter</tag>
<tag>PageContent</tag>
<doc>Returns the count of elements found with ``selector``.</doc>
<status status="PASS" start="2025-02-18T15:44:17.400685" elapsed="0.005980"/>
</kw>
<kw name="Create List" owner="BuiltIn">
<msg time="2025-02-18T15:44:17.408169" level="INFO">${added_product} = []</msg>
<var>${added_product}</var>
<doc>Returns a list containing given items.</doc>
<status status="PASS" start="2025-02-18T15:44:17.406665" elapsed="0.001504"/>
</kw>
<for flavor="IN RANGE">
<iter>
<kw name="Evaluate" owner="BuiltIn">
<msg time="2025-02-18T15:44:17.410192" level="INFO">${i} = 1</msg>
<var>${i}</var>
<arg>${i}+1</arg>
<doc>Evaluates the given expression in Python and returns the result.</doc>
<status status="PASS" start="2025-02-18T15:44:17.409196" elapsed="0.000996"/>
</kw>
<kw name="Get Text" owner="Browser">
<msg time="2025-02-18T15:44:17.421731" level="INFO">Text: 'Sauce Labs Backpack'</msg>
<msg time="2025-02-18T15:44:17.422729" level="INFO">${product} = Sauce Labs Backpack</msg>
<var>${product}</var>
<arg>//*[@data-test="inventory-item"][${i}]/div[2]/a/div</arg>
<tag>Assertion</tag>
<tag>Getter</tag>
<tag>PageContent</tag>
<doc>Returns text attribute of the element found by ``selector``.</doc>
<status status="PASS" start="2025-02-18T15:44:17.410192" elapsed="0.013042"/>
</kw>
<kw name="Append To List" owner="Collections">
<arg>${added_product}</arg>
<arg>${product}</arg>
<doc>Adds ``values`` to the end of ``list``.</doc>
<status status="PASS" start="2025-02-18T15:44:17.423234" elapsed="0.000000"/>
</kw>
<var name="${i}">0</var>
<status status="PASS" start="2025-02-18T15:44:17.409196" elapsed="0.015543"/>
</iter>
<iter>
<kw name="Evaluate" owner="BuiltIn">
<msg time="2025-02-18T15:44:17.425360" level="INFO">${i} = 2</msg>
<var>${i}</var>
<arg>${i}+1</arg>
<doc>Evaluates the given expression in Python and returns the result.</doc>
<status status="PASS" start="2025-02-18T15:44:17.424855" elapsed="0.000505"/>
</kw>
<kw name="Get Text" owner="Browser">
<msg time="2025-02-18T15:44:17.439787" level="INFO">Text: 'Sauce Labs Bolt T-Shirt'</msg>
<msg time="2025-02-18T15:44:17.440786" level="INFO">${product} = Sauce Labs Bolt T-Shirt</msg>
<var>${product}</var>
<arg>//*[@data-test="inventory-item"][${i}]/div[2]/a/div</arg>
<tag>Assertion</tag>
<tag>Getter</tag>
<tag>PageContent</tag>
<doc>Returns text attribute of the element found by ``selector``.</doc>
<status status="PASS" start="2025-02-18T15:44:17.425360" elapsed="0.015426"/>
</kw>
<kw name="Append To List" owner="Collections">
<arg>${added_product}</arg>
<arg>${product}</arg>
<doc>Adds ``values`` to the end of ``list``.</doc>
<status status="PASS" start="2025-02-18T15:44:17.441784" elapsed="0.001163"/>
</kw>
<var name="${i}">1</var>
<status status="PASS" start="2025-02-18T15:44:17.424855" elapsed="0.018092"/>
</iter>
<iter>
<kw name="Evaluate" owner="BuiltIn">
<msg time="2025-02-18T15:44:17.443451" level="INFO">${i} = 3</msg>
<var>${i}</var>
<arg>${i}+1</arg>
<doc>Evaluates the given expression in Python and returns the result.</doc>
<status status="PASS" start="2025-02-18T15:44:17.443451" elapsed="0.000000"/>
</kw>
<kw name="Get Text" owner="Browser">
<msg time="2025-02-18T15:44:17.456941" level="INFO">Text: 'Test.allTheThings() T-Shirt (Red)'</msg>
<msg time="2025-02-18T15:44:17.456941" level="INFO">${product} = Test.allTheThings() T-Shirt (Red)</msg>
<var>${product}</var>
<arg>//*[@data-test="inventory-item"][${i}]/div[2]/a/div</arg>
<tag>Assertion</tag>
<tag>Getter</tag>
<tag>PageContent</tag>
<doc>Returns text attribute of the element found by ``selector``.</doc>
<status status="PASS" start="2025-02-18T15:44:17.443451" elapsed="0.013490"/>
</kw>
<kw name="Append To List" owner="Collections">
<arg>${added_product}</arg>
<arg>${product}</arg>
<doc>Adds ``values`` to the end of ``list``.</doc>
<status status="PASS" start="2025-02-18T15:44:17.458446" elapsed="0.001125"/>
</kw>
<var name="${i}">2</var>
<status status="PASS" start="2025-02-18T15:44:17.442947" elapsed="0.016624"/>
</iter>
<var>${i}</var>
<value>${count_product_in_cart}</value>
<status status="PASS" start="2025-02-18T15:44:17.408169" elapsed="0.051402"/>
</for>
<kw name="Get Length" owner="BuiltIn">
<msg time="2025-02-18T15:44:17.459571" level="INFO">Length is 3.</msg>
<msg time="2025-02-18T15:44:17.459571" level="INFO">${count_added_product} = 3</msg>
<var>${count_added_product}</var>
<arg>${added_product}</arg>
<doc>Returns and logs the length of the given item as an integer.</doc>
<status status="PASS" start="2025-02-18T15:44:17.459571" elapsed="0.001364"/>
</kw>
<kw name="Get Length" owner="BuiltIn">
<msg time="2025-02-18T15:44:17.460935" level="INFO">Length is 3.</msg>
<msg time="2025-02-18T15:44:17.461936" level="INFO">${count_add_product} = 3</msg>
<var>${count_add_product}</var>
<arg>${ADD_PRODUCT}</arg>
<doc>Returns and logs the length of the given item as an integer.</doc>
<status status="PASS" start="2025-02-18T15:44:17.460935" elapsed="0.001001"/>
</kw>
<kw name="Run Keyword And Return Status" owner="BuiltIn">
<kw name="Should Be Equal" owner="BuiltIn">
<arg>${count_added_product}</arg>
<arg>${count_add_product}</arg>
<doc>Fails if the given objects are unequal.</doc>
<status status="PASS" start="2025-02-18T15:44:17.461936" elapsed="0.000996"/>
</kw>
<msg time="2025-02-18T15:44:17.462932" level="INFO">${equal_status} = True</msg>
<var>${equal_status}</var>
<arg>Should Be Equal</arg>
<arg>${count_added_product}</arg>
<arg>${count_add_product}</arg>
<doc>Runs the given keyword with given arguments and returns the status as a Boolean value.</doc>
<status status="PASS" start="2025-02-18T15:44:17.461936" elapsed="0.000996"/>
</kw>
<kw name="Run Keyword If" owner="BuiltIn">
<arg>${equal_status} == ${False}</arg>
<arg>Fail</arg>
<arg>Product In Cart Not Equal Selected Product</arg>
<doc>Runs the given keyword with the given arguments, if ``condition`` is true.</doc>
<status status="PASS" start="2025-02-18T15:44:17.462932" elapsed="0.000000"/>
</kw>
<for flavor="IN RANGE">
<iter>
<kw name="Run Keyword And Return Status" owner="BuiltIn">
<kw name="Should Be Equal" owner="BuiltIn">
<arg>${added_product}[${i}]</arg>
<arg>${ADD_PRODUCT}[${i}]</arg>
<doc>Fails if the given objects are unequal.</doc>
<status status="PASS" start="2025-02-18T15:44:17.463929" elapsed="0.000997"/>
</kw>
<msg time="2025-02-18T15:44:17.464926" level="INFO">${product_correct} = True</msg>
<var>${product_correct}</var>
<arg>Should Be Equal</arg>
<arg>${added_product}[${i}]</arg>
<arg>${ADD_PRODUCT}[${i}]</arg>
<doc>Runs the given keyword with given arguments and returns the status as a Boolean value.</doc>
<status status="PASS" start="2025-02-18T15:44:17.463929" elapsed="0.000997"/>
</kw>
<kw name="Run Keyword If" owner="BuiltIn">
<arg>${product_correct} == ${False}</arg>
<arg>Fail</arg>
<arg>Product In Cart Not Correct As Selected Product</arg>
<doc>Runs the given keyword with the given arguments, if ``condition`` is true.</doc>
<status status="PASS" start="2025-02-18T15:44:17.464926" elapsed="0.000000"/>
</kw>
<var name="${i}">0</var>
<status status="PASS" start="2025-02-18T15:44:17.463929" elapsed="0.001993"/>
</iter>
<iter>
<kw name="Run Keyword And Return Status" owner="BuiltIn">
<kw name="Should Be Equal" owner="BuiltIn">
<arg>${added_product}[${i}]</arg>
<arg>${ADD_PRODUCT}[${i}]</arg>
<doc>Fails if the given objects are unequal.</doc>
<status status="PASS" start="2025-02-18T15:44:17.465922" elapsed="0.000000"/>
</kw>
<msg time="2025-02-18T15:44:17.465922" level="INFO">${product_correct} = True</msg>
<var>${product_correct}</var>
<arg>Should Be Equal</arg>
<arg>${added_product}[${i}]</arg>
<arg>${ADD_PRODUCT}[${i}]</arg>
<doc>Runs the given keyword with given arguments and returns the status as a Boolean value.</doc>
<status status="PASS" start="2025-02-18T15:44:17.465922" elapsed="0.000997"/>
</kw>
<kw name="Run Keyword If" owner="BuiltIn">
<arg>${product_correct} == ${False}</arg>
<arg>Fail</arg>
<arg>Product In Cart Not Correct As Selected Product</arg>
<doc>Runs the given keyword with the given arguments, if ``condition`` is true.</doc>
<status status="PASS" start="2025-02-18T15:44:17.466919" elapsed="0.000000"/>
</kw>
<var name="${i}">1</var>
<status status="PASS" start="2025-02-18T15:44:17.465922" elapsed="0.000997"/>
</iter>
<iter>
<kw name="Run Keyword And Return Status" owner="BuiltIn">
<kw name="Should Be Equal" owner="BuiltIn">
<arg>${added_product}[${i}]</arg>
<arg>${ADD_PRODUCT}[${i}]</arg>
<doc>Fails if the given objects are unequal.</doc>
<status status="PASS" start="2025-02-18T15:44:17.466919" elapsed="0.000000"/>
</kw>
<msg time="2025-02-18T15:44:17.466919" level="INFO">${product_correct} = True</msg>
<var>${product_correct}</var>
<arg>Should Be Equal</arg>
<arg>${added_product}[${i}]</arg>
<arg>${ADD_PRODUCT}[${i}]</arg>
<doc>Runs the given keyword with given arguments and returns the status as a Boolean value.</doc>
<status status="PASS" start="2025-02-18T15:44:17.466919" elapsed="0.000000"/>
</kw>
<kw name="Run Keyword If" owner="BuiltIn">
<arg>${product_correct} == ${False}</arg>
<arg>Fail</arg>
<arg>Product In Cart Not Correct As Selected Product</arg>
<doc>Runs the given keyword with the given arguments, if ``condition`` is true.</doc>
<status status="PASS" start="2025-02-18T15:44:17.468424" elapsed="0.000000"/>
</kw>
<var name="${i}">2</var>
<status status="PASS" start="2025-02-18T15:44:17.466919" elapsed="0.001505"/>
</iter>
<var>${i}</var>
<value>${count_added_product}</value>
<status status="PASS" start="2025-02-18T15:44:17.462932" elapsed="0.005492"/>
</for>
<kw name="Set Test Variable" owner="BuiltIn">
<msg time="2025-02-18T15:44:17.468424" level="INFO">${ADDED_PRODUCT} = ['Sauce Labs Backpack', 'Sauce Labs Bolt T-Shirt', 'Test.allTheThings() T-Shirt (Red)']</msg>
<arg>${ADDED_PRODUCT}</arg>
<arg>${added_product}</arg>
<doc>Makes a variable available everywhere within the scope of the current test.</doc>
<status status="PASS" start="2025-02-18T15:44:17.468424" elapsed="0.000000"/>
</kw>
<doc>Owner: supasete.1998@gmail.com
Keyword for verify product in cart equal selected product by amount of product and product name</doc>
<status status="PASS" start="2025-02-18T15:44:17.399686" elapsed="0.069749"/>
</kw>
<kw name="Remove Selected Product From Shopping Cart" owner="saucedemo_keyword">
<kw name="Get Element Count" owner="Browser">
<msg time="2025-02-18T15:44:17.475526" level="INFO">${index} = 3</msg>
<var>${index}</var>
<arg>${lblProductNameCartPage}</arg>
<tag>Assertion</tag>
<tag>Getter</tag>
<tag>PageContent</tag>
<doc>Returns the count of elements found with ``selector``.</doc>
<status status="PASS" start="2025-02-18T15:44:17.469435" elapsed="0.006631"/>
</kw>
<kw name="Set Variable" owner="BuiltIn">
<msg time="2025-02-18T15:44:17.477080" level="INFO">${i} = 0</msg>
<var>${i}</var>
<arg>0</arg>
<doc>Returns the given values which can then be assigned to a variables.</doc>
<status status="PASS" start="2025-02-18T15:44:17.476066" elapsed="0.001014"/>
</kw>
<while condition="${i} &lt; ${index}">
<iter>
<kw name="Evaluate" owner="BuiltIn">
<msg time="2025-02-18T15:44:17.478585" level="INFO">${current_index} = 1</msg>
<var>${current_index}</var>
<arg>${i}+1</arg>
<doc>Evaluates the given expression in Python and returns the result.</doc>
<status status="PASS" start="2025-02-18T15:44:17.478076" elapsed="0.000509"/>
</kw>
<kw name="Get Text" owner="Browser">
<msg time="2025-02-18T15:44:17.491922" level="INFO">Text: 'Sauce Labs Backpack'</msg>
<msg time="2025-02-18T15:44:17.492918" level="INFO">${product_name} = Sauce Labs Backpack</msg>
<var>${product_name}</var>
<arg>//*[@data-test="inventory-item"][${current_index}]/div[2]/a/div</arg>
<tag>Assertion</tag>
<tag>Getter</tag>
<tag>PageContent</tag>
<doc>Returns text attribute of the element found by ``selector``.</doc>
<status status="PASS" start="2025-02-18T15:44:17.478585" elapsed="0.014333"/>
</kw>
<kw name="Get File" owner="OperatingSystem">
<msg time="2025-02-18T15:44:17.493915" level="INFO" html="true">Getting file '&lt;a href="file://c:\Users\Win 10 Pro\Desktop\Automate\TTSS Interview\configuration\saucedemo\localconfig\removeProduct.txt"&gt;c:\Users\Win 10 Pro\Desktop\Automate\TTSS Interview\configuration\saucedemo\localconfig\removeProduct.txt&lt;/a&gt;'.</msg>
<msg time="2025-02-18T15:44:17.493915" level="INFO">${remove_product_list} = Sauce Labs Backpack</msg>
<var>${remove_product_list}</var>
<arg>c:\\Users\\Win 10 Pro\\Desktop\\Automate\\TTSS Interview\\repository\\sausedemo/../../configuration/saucedemo/localconfig/removeProduct.txt</arg>
<doc>Returns the contents of a specified file.</doc>
<status status="PASS" start="2025-02-18T15:44:17.492918" elapsed="0.001995"/>
</kw>
<kw name="Split To Lines" owner="String">
<msg time="2025-02-18T15:44:17.495909" level="INFO">1 lines returned</msg>
<msg time="2025-02-18T15:44:17.495909" level="INFO">${remove_product_list} = ['Sauce Labs Backpack']</msg>
<var>${remove_product_list}</var>
<arg>${remove_product_list}</arg>
<doc>Splits the given string to lines.</doc>
<status status="PASS" start="2025-02-18T15:44:17.494913" elapsed="0.000996"/>
</kw>
<kw name="Run Keyword And Return Status" owner="BuiltIn">
<kw name="List Should Contain Value" owner="Collections">
<arg>${remove_product_list}</arg>
<arg>${product_name}</arg>
<doc>Fails if the ``value`` is not found from ``list``.</doc>
<status status="PASS" start="2025-02-18T15:44:17.496907" elapsed="0.000000"/>
</kw>
<msg time="2025-02-18T15:44:17.496907" level="INFO">${found_selected_product} = True</msg>
<var>${found_selected_product}</var>
<arg>List Should Contain Value</arg>
<arg>${remove_product_list}</arg>
<arg>${product_name}</arg>
<doc>Runs the given keyword with given arguments and returns the status as a Boolean value.</doc>
<status status="PASS" start="2025-02-18T15:44:17.495909" elapsed="0.000998"/>
</kw>
<if>
<branch type="IF" condition="${found_selected_product}">
<kw name="Click Element" owner="saucedemo_keyword">
<kw name="Wait For Elements State" owner="Browser">
<msg time="2025-02-18T15:44:17.504817" level="INFO">Waited for Element with selector //*[@data-test="inventory-item"][1]/div[2]/div[2]/button at state visible</msg>
<arg>${selector}</arg>
<arg>visible</arg>
<tag>PageContent</tag>
<tag>Wait</tag>
<doc>Waits for the element found by ``selector`` to satisfy state option.</doc>
<status status="PASS" start="2025-02-18T15:44:17.498480" elapsed="0.006337"/>
</kw>
<kw name="Click" owner="Browser">
<msg time="2025-02-18T15:44:17.506811" level="INFO">Clicks the element '//*[@data-test="inventory-item"][1]/div[2]/div[2]/button'.</msg>
<arg>${selector}</arg>
<tag>PageContent</tag>
<tag>Setter</tag>
<doc>Simulates mouse click on the element found by ``selector``.</doc>
<status status="PASS" start="2025-02-18T15:44:17.505813" elapsed="0.025175"/>
</kw>
<arg>//*[@data-test="inventory-item"][${current_index}]/div[2]/div[2]/button</arg>
<doc>Owner: supasete.1998@gmail.com</doc>
<status status="PASS" start="2025-02-18T15:44:17.496907" elapsed="0.035081"/>
</kw>
<kw name="Remove Item By Value" owner="saucedemo_keyword">
<kw name="Evaluate" owner="BuiltIn">
<msg time="2025-02-18T15:44:17.533985" level="INFO">${index} = 0</msg>
<var>${index}</var>
<arg>${list}.index("${value}")</arg>
<doc>Evaluates the given expression in Python and returns the result.</doc>
<status status="PASS" start="2025-02-18T15:44:17.532988" elapsed="0.000997"/>
</kw>
<kw name="Remove From List" owner="Collections">
<arg>${list}</arg>
<arg>${index}</arg>
<doc>Removes and returns the value specified with an ``index`` from ``list``.</doc>
<status status="PASS" start="2025-02-18T15:44:17.534981" elapsed="0.000000"/>
</kw>
<arg>${ADDED_PRODUCT}</arg>
<arg>${product_name}</arg>
<doc>Owner: supasete.1998@gmail.com</doc>
<status status="PASS" start="2025-02-18T15:44:17.531988" elapsed="0.002993"/>
</kw>
<kw name="Evaluate" owner="BuiltIn">
<msg time="2025-02-18T15:44:17.536089" level="INFO">${index} = 2</msg>
<var>${index}</var>
<arg>${index}-1</arg>
<doc>Evaluates the given expression in Python and returns the result.</doc>
<status status="PASS" start="2025-02-18T15:44:17.534981" elapsed="0.001108"/>
</kw>
<kw name="Set Variable" owner="BuiltIn">
<msg time="2025-02-18T15:44:17.536592" level="INFO">${i} = 0</msg>
<var>${i}</var>
<arg>0</arg>
<doc>Returns the given values which can then be assigned to a variables.</doc>
<status status="PASS" start="2025-02-18T15:44:17.536592" elapsed="0.000000"/>
</kw>
<status status="PASS" start="2025-02-18T15:44:17.496907" elapsed="0.039685"/>
</branch>
<branch type="ELSE">
<kw name="Evaluate" owner="BuiltIn">
<var>${i}</var>
<arg>${i}+1</arg>
<doc>Evaluates the given expression in Python and returns the result.</doc>
<status status="NOT RUN" start="2025-02-18T15:44:17.538154" elapsed="0.000000"/>
</kw>
<status status="NOT RUN" start="2025-02-18T15:44:17.536592" elapsed="0.001562"/>
</branch>
<status status="PASS" start="2025-02-18T15:44:17.496907" elapsed="0.041247"/>
</if>
<status status="PASS" start="2025-02-18T15:44:17.477080" elapsed="0.061074"/>
</iter>
<iter>
<kw name="Evaluate" owner="BuiltIn">
<msg time="2025-02-18T15:44:17.540154" level="INFO">${current_index} = 1</msg>
<var>${current_index}</var>
<arg>${i}+1</arg>
<doc>Evaluates the given expression in Python and returns the result.</doc>
<status status="PASS" start="2025-02-18T15:44:17.539152" elapsed="0.001002"/>
</kw>
<kw name="Get Text" owner="Browser">
<msg time="2025-02-18T15:44:17.552442" level="INFO">Text: 'Sauce Labs Bolt T-Shirt'</msg>
<msg time="2025-02-18T15:44:17.553499" level="INFO">${product_name} = Sauce Labs Bolt T-Shirt</msg>
<var>${product_name}</var>
<arg>//*[@data-test="inventory-item"][${current_index}]/div[2]/a/div</arg>
<tag>Assertion</tag>
<tag>Getter</tag>
<tag>PageContent</tag>
<doc>Returns text attribute of the element found by ``selector``.</doc>
<status status="PASS" start="2025-02-18T15:44:17.540154" elapsed="0.013345"/>
</kw>
<kw name="Get File" owner="OperatingSystem">
<msg time="2025-02-18T15:44:17.554454" level="INFO" html="true">Getting file '&lt;a href="file://c:\Users\Win 10 Pro\Desktop\Automate\TTSS Interview\configuration\saucedemo\localconfig\removeProduct.txt"&gt;c:\Users\Win 10 Pro\Desktop\Automate\TTSS Interview\configuration\saucedemo\localconfig\removeProduct.txt&lt;/a&gt;'.</msg>
<msg time="2025-02-18T15:44:17.554454" level="INFO">${remove_product_list} = Sauce Labs Backpack</msg>
<var>${remove_product_list}</var>
<arg>c:\\Users\\Win 10 Pro\\Desktop\\Automate\\TTSS Interview\\repository\\sausedemo/../../configuration/saucedemo/localconfig/removeProduct.txt</arg>
<doc>Returns the contents of a specified file.</doc>
<status status="PASS" start="2025-02-18T15:44:17.553499" elapsed="0.000955"/>
</kw>
<kw name="Split To Lines" owner="String">
<msg time="2025-02-18T15:44:17.555452" level="INFO">1 lines returned</msg>
<msg time="2025-02-18T15:44:17.555452" level="INFO">${remove_product_list} = ['Sauce Labs Backpack']</msg>
<var>${remove_product_list}</var>
<arg>${remove_product_list}</arg>
<doc>Splits the given string to lines.</doc>
<status status="PASS" start="2025-02-18T15:44:17.554454" elapsed="0.000998"/>
</kw>
<kw name="Run Keyword And Return Status" owner="BuiltIn">
<kw name="List Should Contain Value" owner="Collections">
<msg time="2025-02-18T15:44:17.556479" level="FAIL">[ Sauce Labs Backpack ] does not contain value 'Sauce Labs Bolt T-Shirt'.</msg>
<arg>${remove_product_list}</arg>
<arg>${product_name}</arg>
<doc>Fails if the ``value`` is not found from ``list``.</doc>
<status status="FAIL" start="2025-02-18T15:44:17.556479" elapsed="0.000965">[ Sauce Labs Backpack ] does not contain value 'Sauce Labs Bolt T-Shirt'.</status>
</kw>
<msg time="2025-02-18T15:44:17.557444" level="INFO">${found_selected_product} = False</msg>
<var>${found_selected_product}</var>
<arg>List Should Contain Value</arg>
<arg>${remove_product_list}</arg>
<arg>${product_name}</arg>
<doc>Runs the given keyword with given arguments and returns the status as a Boolean value.</doc>
<status status="PASS" start="2025-02-18T15:44:17.556479" elapsed="0.000965"/>
</kw>
<if>
<branch type="IF" condition="${found_selected_product}">
<kw name="Click Element" owner="saucedemo_keyword">
<arg>//*[@data-test="inventory-item"][${current_index}]/div[2]/div[2]/button</arg>
<doc>Owner: supasete.1998@gmail.com</doc>
<status status="NOT RUN" start="2025-02-18T15:44:17.558442" elapsed="0.000000"/>
</kw>
<kw name="Remove Item By Value" owner="saucedemo_keyword">
<arg>${ADDED_PRODUCT}</arg>
<arg>${product_name}</arg>
<doc>Owner: supasete.1998@gmail.com</doc>
<status status="NOT RUN" start="2025-02-18T15:44:17.558945" elapsed="0.000000"/>
</kw>
<kw name="Evaluate" owner="BuiltIn">
<var>${index}</var>
<arg>${index}-1</arg>
<doc>Evaluates the given expression in Python and returns the result.</doc>
<status status="NOT RUN" start="2025-02-18T15:44:17.558945" elapsed="0.000000"/>
</kw>
<kw name="Set Variable" owner="BuiltIn">
<var>${i}</var>
<arg>0</arg>
<doc>Returns the given values which can then be assigned to a variables.</doc>
<status status="NOT RUN" start="2025-02-18T15:44:17.558945" elapsed="0.000000"/>
</kw>
<status status="NOT RUN" start="2025-02-18T15:44:17.557444" elapsed="0.001501"/>
</branch>
<branch type="ELSE">
<kw name="Evaluate" owner="BuiltIn">
<msg time="2025-02-18T15:44:17.560230" level="INFO">${i} = 1</msg>
<var>${i}</var>
<arg>${i}+1</arg>
<doc>Evaluates the given expression in Python and returns the result.</doc>
<status status="PASS" start="2025-02-18T15:44:17.558945" elapsed="0.001285"/>
</kw>
<status status="PASS" start="2025-02-18T15:44:17.558945" elapsed="0.001285"/>
</branch>
<status status="PASS" start="2025-02-18T15:44:17.557444" elapsed="0.002786"/>
</if>
<status status="PASS" start="2025-02-18T15:44:17.538154" elapsed="0.022076"/>
</iter>
<iter>
<kw name="Evaluate" owner="BuiltIn">
<msg time="2025-02-18T15:44:17.561225" level="INFO">${current_index} = 2</msg>
<var>${current_index}</var>
<arg>${i}+1</arg>
<doc>Evaluates the given expression in Python and returns the result.</doc>
<status status="PASS" start="2025-02-18T15:44:17.561225" elapsed="0.000997"/>
</kw>
<kw name="Get Text" owner="Browser">
<msg time="2025-02-18T15:44:17.572699" level="INFO">Text: 'Test.allTheThings() T-Shirt (Red)'</msg>
<msg time="2025-02-18T15:44:17.573695" level="INFO">${product_name} = Test.allTheThings() T-Shirt (Red)</msg>
<var>${product_name}</var>
<arg>//*[@data-test="inventory-item"][${current_index}]/div[2]/a/div</arg>
<tag>Assertion</tag>
<tag>Getter</tag>
<tag>PageContent</tag>
<doc>Returns text attribute of the element found by ``selector``.</doc>
<status status="PASS" start="2025-02-18T15:44:17.562222" elapsed="0.011473"/>
</kw>
<kw name="Get File" owner="OperatingSystem">
<msg time="2025-02-18T15:44:17.575319" level="INFO" html="true">Getting file '&lt;a href="file://c:\Users\Win 10 Pro\Desktop\Automate\TTSS Interview\configuration\saucedemo\localconfig\removeProduct.txt"&gt;c:\Users\Win 10 Pro\Desktop\Automate\TTSS Interview\configuration\saucedemo\localconfig\removeProduct.txt&lt;/a&gt;'.</msg>
<msg time="2025-02-18T15:44:17.575319" level="INFO">${remove_product_list} = Sauce Labs Backpack</msg>
<var>${remove_product_list}</var>
<arg>c:\\Users\\Win 10 Pro\\Desktop\\Automate\\TTSS Interview\\repository\\sausedemo/../../configuration/saucedemo/localconfig/removeProduct.txt</arg>
<doc>Returns the contents of a specified file.</doc>
<status status="PASS" start="2025-02-18T15:44:17.574816" elapsed="0.000503"/>
</kw>
<kw name="Split To Lines" owner="String">
<msg time="2025-02-18T15:44:17.576327" level="INFO">1 lines returned</msg>
<msg time="2025-02-18T15:44:17.576327" level="INFO">${remove_product_list} = ['Sauce Labs Backpack']</msg>
<var>${remove_product_list}</var>
<arg>${remove_product_list}</arg>
<doc>Splits the given string to lines.</doc>
<status status="PASS" start="2025-02-18T15:44:17.575319" elapsed="0.001008"/>
</kw>
<kw name="Run Keyword And Return Status" owner="BuiltIn">
<kw name="List Should Contain Value" owner="Collections">
<msg time="2025-02-18T15:44:17.577324" level="FAIL">[ Sauce Labs Backpack ] does not contain value 'Test.allTheThings() T-Shirt (Red)'.</msg>
<arg>${remove_product_list}</arg>
<arg>${product_name}</arg>
<doc>Fails if the ``value`` is not found from ``list``.</doc>
<status status="FAIL" start="2025-02-18T15:44:17.576327" elapsed="0.000997">[ Sauce Labs Backpack ] does not contain value 'Test.allTheThings() T-Shirt (Red)'.</status>
</kw>
<msg time="2025-02-18T15:44:17.577324" level="INFO">${found_selected_product} = False</msg>
<var>${found_selected_product}</var>
<arg>List Should Contain Value</arg>
<arg>${remove_product_list}</arg>
<arg>${product_name}</arg>
<doc>Runs the given keyword with given arguments and returns the status as a Boolean value.</doc>
<status status="PASS" start="2025-02-18T15:44:17.576327" elapsed="0.000997"/>
</kw>
<if>
<branch type="IF" condition="${found_selected_product}">
<kw name="Click Element" owner="saucedemo_keyword">
<arg>//*[@data-test="inventory-item"][${current_index}]/div[2]/div[2]/button</arg>
<doc>Owner: supasete.1998@gmail.com</doc>
<status status="NOT RUN" start="2025-02-18T15:44:17.578322" elapsed="0.000000"/>
</kw>
<kw name="Remove Item By Value" owner="saucedemo_keyword">
<arg>${ADDED_PRODUCT}</arg>
<arg>${product_name}</arg>
<doc>Owner: supasete.1998@gmail.com</doc>
<status status="NOT RUN" start="2025-02-18T15:44:17.578322" elapsed="0.000000"/>
</kw>
<kw name="Evaluate" owner="BuiltIn">
<var>${index}</var>
<arg>${index}-1</arg>
<doc>Evaluates the given expression in Python and returns the result.</doc>
<status status="NOT RUN" start="2025-02-18T15:44:17.578322" elapsed="0.000000"/>
</kw>
<kw name="Set Variable" owner="BuiltIn">
<var>${i}</var>
<arg>0</arg>
<doc>Returns the given values which can then be assigned to a variables.</doc>
<status status="NOT RUN" start="2025-02-18T15:44:17.578322" elapsed="0.000000"/>
</kw>
<status status="NOT RUN" start="2025-02-18T15:44:17.577324" elapsed="0.000998"/>
</branch>
<branch type="ELSE">
<kw name="Evaluate" owner="BuiltIn">
<msg time="2025-02-18T15:44:17.579706" level="INFO">${i} = 2</msg>
<var>${i}</var>
<arg>${i}+1</arg>
<doc>Evaluates the given expression in Python and returns the result.</doc>
<status status="PASS" start="2025-02-18T15:44:17.579706" elapsed="0.001003"/>
</kw>
<status status="PASS" start="2025-02-18T15:44:17.578322" elapsed="0.002387"/>
</branch>
<status status="PASS" start="2025-02-18T15:44:17.577324" elapsed="0.003385"/>
</if>
<status status="PASS" start="2025-02-18T15:44:17.560230" elapsed="0.020479"/>
</iter>
<status status="PASS" start="2025-02-18T15:44:17.477080" elapsed="0.103629"/>
</while>
<doc>Owner: supasete.1998@gmail.com
Keyword for remove selected product from shopping cart by product name contain selected name</doc>
<status status="PASS" start="2025-02-18T15:44:17.469435" elapsed="0.111274"/>
</kw>
<kw name="Verify Product In Shopping Cart After Remove Selected Product" owner="saucedemo_keyword">
<kw name="Get Element Count" owner="Browser">
<msg time="2025-02-18T15:44:17.593551" level="INFO">${count_product_after_remove} = 2</msg>
<var>${count_product_after_remove}</var>
[...]
<status status="PASS" start="2025-02-18T15:44:17.748902" elapsed="0.007824"/>
</kw>
<kw name="Fill Text" owner="Browser">
<msg time="2025-02-18T15:44:17.758231" level="INFO">Fills the text '21000' in the given field.</msg>
<arg>${selector}</arg>
<arg>${text}</arg>
<tag>PageContent</tag>
<tag>Setter</tag>
<doc>Clears and fills the given ``txt`` into the text field found by ``selector``.</doc>
<status status="PASS" start="2025-02-18T15:44:17.756726" elapsed="0.018116"/>
</kw>
<arg>${lblPostalCode}</arg>
<arg>${postal_code}</arg>
<doc>Owner: supasete.1998@gmail.com</doc>
<status status="PASS" start="2025-02-18T15:44:17.748396" elapsed="0.026949"/>
</kw>
<kw name="Click Element" owner="saucedemo_keyword">
<kw name="Wait For Elements State" owner="Browser">
<msg time="2025-02-18T15:44:17.781851" level="INFO">Waited for Element with selector data-test=continue at state visible</msg>
<arg>${selector}</arg>
<arg>visible</arg>
<tag>PageContent</tag>
<tag>Wait</tag>
<doc>Waits for the element found by ``selector`` to satisfy state option.</doc>
<status status="PASS" start="2025-02-18T15:44:17.776357" elapsed="0.006491"/>
</kw>
<kw name="Click" owner="Browser">
<msg time="2025-02-18T15:44:17.783511" level="INFO">Clicks the element 'data-test=continue'.</msg>
<arg>${selector}</arg>
<tag>PageContent</tag>
<tag>Setter</tag>
<doc>Simulates mouse click on the element found by ``selector``.</doc>
<status status="PASS" start="2025-02-18T15:44:17.783008" elapsed="0.031769"/>
</kw>
<arg>${btnContinue}</arg>
<doc>Owner: supasete.1998@gmail.com</doc>
<status status="PASS" start="2025-02-18T15:44:17.775345" elapsed="0.039432"/>
</kw>
<arg>${name}</arg>
<arg>${last_name}</arg>
<arg>${postal_code}</arg>
<doc>Owner: supasete.1998@gmail.com
${first_name} : Input first name
Sgoolreungsri : Input last name
21000 : Input postal code</doc>
<status status="PASS" start="2025-02-18T15:44:17.699053" elapsed="0.115724"/>
</kw>
<kw name="Verify Product And Product Price In Checkout Page" owner="saucedemo_keyword">
<kw name="Get Length" owner="BuiltIn">
<msg time="2025-02-18T15:44:17.816779" level="INFO">Length is 2.</msg>
<msg time="2025-02-18T15:44:17.816779" level="INFO">${index} = 2</msg>
<var>${index}</var>
<arg>${ADDED_PRODUCT}</arg>
<doc>Returns and logs the length of the given item as an integer.</doc>
<status status="PASS" start="2025-02-18T15:44:17.816779" elapsed="0.000000"/>
</kw>
<kw name="Set Variable" owner="BuiltIn">
<msg time="2025-02-18T15:44:17.816779" level="INFO">${product_no} = 0</msg>
<var>${product_no}</var>
<arg>0</arg>
<doc>Returns the given values which can then be assigned to a variables.</doc>
<status status="PASS" start="2025-02-18T15:44:17.816779" elapsed="0.001506"/>
</kw>
<kw name="Set Variable" owner="BuiltIn">
<msg time="2025-02-18T15:44:17.818285" level="INFO">${amount_product_price} = 0.0</msg>
<var>${amount_product_price}</var>
<arg>0.0</arg>
<doc>Returns the given values which can then be assigned to a variables.</doc>
<status status="PASS" start="2025-02-18T15:44:17.818285" elapsed="0.000000"/>
</kw>
<for flavor="IN RANGE">
<iter>
<kw name="Evaluate" owner="BuiltIn">
<msg time="2025-02-18T15:44:17.819306" level="INFO">${i} = 1</msg>
<var>${i}</var>
<arg>${i} + 1</arg>
<doc>Evaluates the given expression in Python and returns the result.</doc>
<status status="PASS" start="2025-02-18T15:44:17.819306" elapsed="0.000000"/>
</kw>
<kw name="Get Text" owner="Browser">
<msg time="2025-02-18T15:44:17.828417" level="INFO">Text: 'Sauce Labs Bolt T-Shirt'</msg>
<msg time="2025-02-18T15:44:17.829512" level="INFO">${product_name} = Sauce Labs Bolt T-Shirt</msg>
<var>${product_name}</var>
<arg>//*[@data-test="inventory-item"][${i}]/div[2]/a/div</arg>
<tag>Assertion</tag>
<tag>Getter</tag>
<tag>PageContent</tag>
<doc>Returns text attribute of the element found by ``selector``.</doc>
<status status="PASS" start="2025-02-18T15:44:17.819306" elapsed="0.010206"/>
</kw>
<kw name="Get Text" owner="Browser">
<msg time="2025-02-18T15:44:17.838525" level="INFO">Text: '$15.99'</msg>
<msg time="2025-02-18T15:44:17.838525" level="INFO">${product_price} = $15.99</msg>
<var>${product_price}</var>
<arg>//*[@data-test="inventory-item"][${i}]/div[2]/div[2]/div</arg>
<tag>Assertion</tag>
<tag>Getter</tag>
<tag>PageContent</tag>
<doc>Returns text attribute of the element found by ``selector``.</doc>
<status status="PASS" start="2025-02-18T15:44:17.829512" elapsed="0.009013"/>
</kw>
<kw name="Evaluate" owner="BuiltIn">
<msg time="2025-02-18T15:44:17.840567" level="INFO">${product_price_decimal} = 15.99</msg>
<var>${product_price_decimal}</var>
<arg>float(${product_price.replace('$', '')})</arg>
<doc>Evaluates the given expression in Python and returns the result.</doc>
<status status="PASS" start="2025-02-18T15:44:17.839534" elapsed="0.001033"/>
</kw>
<kw name="Evaluate" owner="BuiltIn">
<msg time="2025-02-18T15:44:17.841568" level="INFO">${amount_product_price} = 15.99</msg>
<var>${amount_product_price}</var>
<arg>${amount_product_price} + ${product_price_decimal}</arg>
<doc>Evaluates the given expression in Python and returns the result.</doc>
<status status="PASS" start="2025-02-18T15:44:17.840567" elapsed="0.001001"/>
</kw>
<kw name="Should Be Equal" owner="BuiltIn">
<arg>${ADDED_PRODUCT}[${product_no}]</arg>
<arg>${product_name}</arg>
<doc>Fails if the given objects are unequal.</doc>
<status status="PASS" start="2025-02-18T15:44:17.842565" elapsed="0.000000"/>
</kw>
<kw name="Evaluate" owner="BuiltIn">
<msg time="2025-02-18T15:44:17.842565" level="INFO">${product_no} = 1</msg>
<var>${product_no}</var>
<arg>${product_no} + 1</arg>
<doc>Evaluates the given expression in Python and returns the result.</doc>
<status status="PASS" start="2025-02-18T15:44:17.842565" elapsed="0.000000"/>
</kw>
<var name="${i}">0</var>
<status status="PASS" start="2025-02-18T15:44:17.819306" elapsed="0.023259"/>
</iter>
<iter>
<kw name="Evaluate" owner="BuiltIn">
<msg time="2025-02-18T15:44:17.843561" level="INFO">${i} = 2</msg>
<var>${i}</var>
<arg>${i} + 1</arg>
<doc>Evaluates the given expression in Python and returns the result.</doc>
<status status="PASS" start="2025-02-18T15:44:17.843561" elapsed="0.000000"/>
</kw>
<kw name="Get Text" owner="Browser">
<msg time="2025-02-18T15:44:17.854757" level="INFO">Text: 'Test.allTheThings() T-Shirt (Red)'</msg>
<msg time="2025-02-18T15:44:17.855754" level="INFO">${product_name} = Test.allTheThings() T-Shirt (Red)</msg>
<var>${product_name}</var>
<arg>//*[@data-test="inventory-item"][${i}]/div[2]/a/div</arg>
<tag>Assertion</tag>
<tag>Getter</tag>
<tag>PageContent</tag>
<doc>Returns text attribute of the element found by ``selector``.</doc>
<status status="PASS" start="2025-02-18T15:44:17.843561" elapsed="0.012193"/>
</kw>
<kw name="Get Text" owner="Browser">
<msg time="2025-02-18T15:44:17.868002" level="INFO">Text: '$15.99'</msg>
<msg time="2025-02-18T15:44:17.868002" level="INFO">${product_price} = $15.99</msg>
<var>${product_price}</var>
<arg>//*[@data-test="inventory-item"][${i}]/div[2]/div[2]/div</arg>
<tag>Assertion</tag>
<tag>Getter</tag>
<tag>PageContent</tag>
<doc>Returns text attribute of the element found by ``selector``.</doc>
<status status="PASS" start="2025-02-18T15:44:17.855754" elapsed="0.012248"/>
</kw>
<kw name="Evaluate" owner="BuiltIn">
<msg time="2025-02-18T15:44:17.869012" level="INFO">${product_price_decimal} = 15.99</msg>
<var>${product_price_decimal}</var>
<arg>float(${product_price.replace('$', '')})</arg>
<doc>Evaluates the given expression in Python and returns the result.</doc>
<status status="PASS" start="2025-02-18T15:44:17.869012" elapsed="0.000000"/>
</kw>
<kw name="Evaluate" owner="BuiltIn">
<msg time="2025-02-18T15:44:17.870009" level="INFO">${amount_product_price} = 31.98</msg>
<var>${amount_product_price}</var>
<arg>${amount_product_price} + ${product_price_decimal}</arg>
<doc>Evaluates the given expression in Python and returns the result.</doc>
<status status="PASS" start="2025-02-18T15:44:17.870009" elapsed="0.000000"/>
</kw>
<kw name="Should Be Equal" owner="BuiltIn">
<arg>${ADDED_PRODUCT}[${product_no}]</arg>
<arg>${product_name}</arg>
<doc>Fails if the given objects are unequal.</doc>
<status status="PASS" start="2025-02-18T15:44:17.870009" elapsed="0.001339"/>
</kw>
<kw name="Evaluate" owner="BuiltIn">
<msg time="2025-02-18T15:44:17.872346" level="INFO">${product_no} = 2</msg>
<var>${product_no}</var>
<arg>${product_no} + 1</arg>
<doc>Evaluates the given expression in Python and returns the result.</doc>
<status status="PASS" start="2025-02-18T15:44:17.871348" elapsed="0.000998"/>
</kw>
<var name="${i}">1</var>
<status status="PASS" start="2025-02-18T15:44:17.843561" elapsed="0.028785"/>
</iter>
<var>${i}</var>
<value>${index}</value>
<status status="PASS" start="2025-02-18T15:44:17.818285" elapsed="0.054061"/>
</for>
<kw name="Set Test Variable" owner="BuiltIn">
<msg time="2025-02-18T15:44:17.873342" level="INFO">${AMOUNT_PRODUCT_PRICE} = 31.98</msg>
<arg>${AMOUNT_PRODUCT_PRICE}</arg>
<arg>${amount_product_price}</arg>
<doc>Makes a variable available everywhere within the scope of the current test.</doc>
<status status="PASS" start="2025-02-18T15:44:17.872346" elapsed="0.000996"/>
</kw>
<doc>Owner: supasete.1998@gmail.com
Keyword for verify product and product price in checkout page by amount of product and product price</doc>
<status status="PASS" start="2025-02-18T15:44:17.815778" elapsed="0.057564"/>
</kw>
<kw name="Verify Price Total In Checkout Page" owner="saucedemo_keyword">
<kw name="Get Text" owner="Browser">
<msg time="2025-02-18T15:44:17.884372" level="INFO">Text: 'Item total: $31.98'</msg>
<msg time="2025-02-18T15:44:17.884372" level="INFO">${actual_product_price} = Item total: $31.98</msg>
<var>${actual_product_price}</var>
<arg>${lblItemTotal}</arg>
<tag>Assertion</tag>
<tag>Getter</tag>
<tag>PageContent</tag>
<doc>Returns text attribute of the element found by ``selector``.</doc>
<status status="PASS" start="2025-02-18T15:44:17.873342" elapsed="0.011030"/>
</kw>
<kw name="Evaluate" owner="BuiltIn">
<msg time="2025-02-18T15:44:17.885368" level="INFO">${actual_product_price} = 31.98</msg>
<var>${actual_product_price}</var>
<arg>float(${actual_product_price.replace('Item total: $', '')})</arg>
<doc>Evaluates the given expression in Python and returns the result.</doc>
<status status="PASS" start="2025-02-18T15:44:17.884372" elapsed="0.000996"/>
</kw>
<kw name="Should Be Equal" owner="BuiltIn">
<arg>${actual_product_price}</arg>
<arg>${AMOUNT_PRODUCT_PRICE}</arg>
<doc>Fails if the given objects are unequal.</doc>
<status status="PASS" start="2025-02-18T15:44:17.886366" elapsed="0.000000"/>
</kw>
<kw name="Evaluate" owner="BuiltIn">
<msg time="2025-02-18T15:44:17.886366" level="INFO">${tax_amount} = 2.5584000000000002</msg>
<var>${tax_amount}</var>
<arg>${AMOUNT_PRODUCT_PRICE} * 8/100</arg>
<doc>Evaluates the given expression in Python and returns the result.</doc>
<status status="PASS" start="2025-02-18T15:44:17.886366" elapsed="0.000995"/>
</kw>
<kw name="Evaluate" owner="BuiltIn">
<msg time="2025-02-18T15:44:17.887361" level="INFO">${tax_amount_decimal} = 2.56</msg>
<var>${tax_amount_decimal}</var>
<arg>float("%.2f" % ${tax_amount})</arg>
<doc>Evaluates the given expression in Python and returns the result.</doc>
<status status="PASS" start="2025-02-18T15:44:17.887361" elapsed="0.000000"/>
</kw>
<kw name="Get Text" owner="Browser">
<msg time="2025-02-18T15:44:17.906526" level="INFO">Text: 'Tax: $2.56'</msg>
<msg time="2025-02-18T15:44:17.908030" level="INFO">${actual_tax} = Tax: $2.56</msg>
<var>${actual_tax}</var>
<arg>${lblTax}</arg>
<tag>Assertion</tag>
<tag>Getter</tag>
<tag>PageContent</tag>
<doc>Returns text attribute of the element found by ``selector``.</doc>
<status status="PASS" start="2025-02-18T15:44:17.887361" elapsed="0.021701"/>
</kw>
<kw name="Evaluate" owner="BuiltIn">
<msg time="2025-02-18T15:44:17.911279" level="INFO">${actual_tax} = 2.56</msg>
<var>${actual_tax}</var>
<arg>float(${actual_tax.replace('Tax: $', '')})</arg>
<doc>Evaluates the given expression in Python and returns the result.</doc>
<status status="PASS" start="2025-02-18T15:44:17.909062" elapsed="0.002217"/>
</kw>
<kw name="Should Be Equal" owner="BuiltIn">
<arg>${actual_tax}</arg>
<arg>${tax_amount_decimal}</arg>
<doc>Fails if the given objects are unequal.</doc>
<status status="PASS" start="2025-02-18T15:44:17.912277" elapsed="0.000994"/>
</kw>
<kw name="Evaluate" owner="BuiltIn">
<msg time="2025-02-18T15:44:17.914269" level="INFO">${total_price} = 34.5384</msg>
<var>${total_price}</var>
<arg>${AMOUNT_PRODUCT_PRICE} + ${tax_amount}</arg>
<doc>Evaluates the given expression in Python and returns the result.</doc>
<status status="PASS" start="2025-02-18T15:44:17.913271" elapsed="0.000998"/>
</kw>
<kw name="Evaluate" owner="BuiltIn">
<msg time="2025-02-18T15:44:17.915266" level="INFO">${total_price_decimal} = 34.54</msg>
<var>${total_price_decimal}</var>
<arg>float("%.2f" % ${total_price})</arg>
<doc>Evaluates the given expression in Python and returns the result.</doc>
<status status="PASS" start="2025-02-18T15:44:17.914269" elapsed="0.000997"/>
</kw>
<kw name="Get Text" owner="Browser">
<msg time="2025-02-18T15:44:17.933691" level="INFO">Text: 'Total: $34.54'</msg>
<msg time="2025-02-18T15:44:17.934687" level="INFO">${actual_total} = Total: $34.54</msg>
<var>${actual_total}</var>
<arg>${lblTotal}</arg>
<tag>Assertion</tag>
<tag>Getter</tag>
<tag>PageContent</tag>
<doc>Returns text attribute of the element found by ``selector``.</doc>
<status status="PASS" start="2025-02-18T15:44:17.915266" elapsed="0.019421"/>
</kw>
<kw name="Evaluate" owner="BuiltIn">
<msg time="2025-02-18T15:44:17.935685" level="INFO">${actual_total_decimal} = 34.54</msg>
<var>${actual_total_decimal}</var>
<arg>float(${actual_total.replace('Total: $', '')})</arg>
<doc>Evaluates the given expression in Python and returns the result.</doc>
<status status="PASS" start="2025-02-18T15:44:17.934687" elapsed="0.001994"/>
</kw>
<kw name="Should Be Equal" owner="BuiltIn">
<arg>${actual_total_decimal}</arg>
<arg>${total_price_decimal}</arg>
<doc>Fails if the given objects are unequal.</doc>
<status status="PASS" start="2025-02-18T15:44:17.936681" elapsed="0.000000"/>
</kw>
<doc>Owner: supasete.1998@gmail.com
Keyword for verify product total price, tax and total price in checkout page</doc>
<status status="PASS" start="2025-02-18T15:44:17.873342" elapsed="0.063339"/>
</kw>
<kw name="Finish Order" owner="saucedemo_keyword">
<kw name="Click Element" owner="saucedemo_keyword">
<kw name="Wait For Elements State" owner="Browser">
<msg time="2025-02-18T15:44:17.948199" level="INFO">Waited for Element with selector data-test=finish at state visible</msg>
<arg>${selector}</arg>
<arg>visible</arg>
<tag>PageContent</tag>
<tag>Wait</tag>
<doc>Waits for the element found by ``selector`` to satisfy state option.</doc>
<status status="PASS" start="2025-02-18T15:44:17.938833" elapsed="0.011388"/>
</kw>
<kw name="Click" owner="Browser">
<msg time="2025-02-18T15:44:17.953314" level="INFO">Clicks the element 'data-test=finish'.</msg>
<arg>${selector}</arg>
<tag>PageContent</tag>
<tag>Setter</tag>
<doc>Simulates mouse click on the element found by ``selector``.</doc>
<status status="PASS" start="2025-02-18T15:44:17.951217" elapsed="0.033323"/>
</kw>
<arg>${btnFinish}</arg>
<doc>Owner: supasete.1998@gmail.com</doc>
<status status="PASS" start="2025-02-18T15:44:17.938833" elapsed="0.046210"/>
</kw>
<doc>Owner: supasete.1998@gmail.com</doc>
<status status="PASS" start="2025-02-18T15:44:17.938323" elapsed="0.046720"/>
</kw>
<kw name="Verify Order Complete Page" owner="saucedemo_keyword">
<kw name="Wait For Elements State" owner="Browser">
<msg time="2025-02-18T15:44:17.990551" level="INFO">Waited for Element with selector xpath=//*[@id="checkout_complete_container"]/h2 at state visible</msg>
<arg>${lblOrderComplete}</arg>
<arg>visible</arg>
<tag>PageContent</tag>
<tag>Wait</tag>
<doc>Waits for the element found by ``selector`` to satisfy state option.</doc>
<status status="PASS" start="2025-02-18T15:44:17.986051" elapsed="0.004500"/>
</kw>
<kw name="Get Text" owner="Browser">
<msg time="2025-02-18T15:44:18.001181" level="INFO">Text: 'Thank you for your order!'</msg>
<msg time="2025-02-18T15:44:18.001181" level="INFO">${complete_order_text} = Thank you for your order!</msg>
<var>${complete_order_text}</var>
<arg>${lblOrderComplete}</arg>
<tag>Assertion</tag>
<tag>Getter</tag>
<tag>PageContent</tag>
<doc>Returns text attribute of the element found by ``selector``.</doc>
<status status="PASS" start="2025-02-18T15:44:17.990551" elapsed="0.010630"/>
</kw>
<kw name="Should Be Equal" owner="BuiltIn">
<arg>${complete_order_text}</arg>
<arg>Thank you for your order!</arg>
<doc>Fails if the given objects are unequal.</doc>
<status status="PASS" start="2025-02-18T15:44:18.002177" elapsed="0.000997"/>
</kw>
<doc>Owner: supasete.1998@gmail.com
Keyword for verify order complete page</doc>
<status status="PASS" start="2025-02-18T15:44:17.985043" elapsed="0.018131"/>
</kw>
<doc>Owner: supasete.1998@gmail.com
*** Description ***
ตรวจสอบการสั่งซื้อสินค้าและการทำงานบนเว็บไซต์ saucedemo
==&gt;
*** Test Steps ***
1. เข้าสู่หน้าเว็บ saucedemo และทำการ login ด้วย username/password ตัวอย่างที่เว็บไซต์จัดเตรียมไว้ให้
2. เลือกหาซื้อสินค้า T-Shirt, Flashlight และ Backpack หากพบสินค้าเหล่านี้ ให้คลิกปุ่ม Add to cart เพื่อหยิบใส่รถเข็น
โดยต้องเลือกดูสินค้าให้ครบทุกตัว หากไม่พบสินค้า โปรแกรมจะดำเนินการต่อ ไปยังขั้นตอนถัดไป แต่ต้องบันทึกในผลการทดสอบ (test result)
3. ลูกค้าตัดสินใจคืนสินค้า Backpack โดยคลิกปุ่ม Remove จากนั้นตรวจสอบสินค้าในตะกร้า หากถูกต้องครบถ้วน
ให้คลิกปุ่ม Checkout เพื่อดำเนินการชำระเงิน หากพบสินค้าที่ไม่ต้องการ ให้คลิกปุ่ม Remove เพื่อลบออก
4. กรอกข้อมูลผู้สั่งซื้อ จากนั้นกดปุ่ม Continue เพื่อดำเนินการต่อ
5. ตรวจสอบรายการสินค้าครั้งสุดท้าย และราคารวมว่าถูกต้องทั้งหมดหรือไม่ โดยสินค้ามีการคิดภาษีอยู่ที่ 8% ของราคารวมของสินค้า
6. หากการสั่งซื้อสำเร็จ จะต้องปรากฏหน้าจอ Thank you for your order!
7. แสดง log หรือบันทึกการทำงานของโปรแกรม automate ที่เกิดขึ้น สามารถแสดงในรูปแบบ text file, Json หรือชุด text ที่เป็น test result
==&gt;
*** Expect Result ***
1. โปรแกรม test สามารถค้นหาสินค้าที่เป็น “T-Shirt” ได้ถูกต้อง และหยิบใส่ตะกร้ารถเข็น
2. โปรแกรม test สามารถคำนวณราคารวมของสินค้าและภาษีได้ถูกต้อง
3. โปรแกรม test สามารถดำเนินการสั่งซื้อสำเร็จ
==&gt;</doc>
<tag>e2e</tag>
<status status="PASS" start="2025-02-18T15:44:14.923135" elapsed="3.080039"/>
</test>
<status status="PASS" start="2025-02-18T15:44:14.801989" elapsed="3.260736"/>
</suite>
<status status="PASS" start="2025-02-18T15:44:14.800992" elapsed="3.270631"/>
</suite>
<status status="PASS" start="2025-02-18T15:44:14.798604" elapsed="3.275012"/>
</suite>
<status status="PASS" start="2025-02-18T15:44:14.777167" elapsed="3.299535"/>
</suite>
<statistics>
<total>
<stat pass="1" fail="0" skip="0">All Tests</stat>
</total>
<tag>
<stat pass="1" fail="0" skip="0">e2e</stat>
</tag>
<suite>
<stat pass="1" fail="0" skip="0" id="s1" name="TTSS Interview">TTSS Interview</stat>
<stat pass="1" fail="0" skip="0" id="s1-s1" name="Tests">TTSS Interview.Tests</stat>
<stat pass="1" fail="0" skip="0" id="s1-s1-s1" name="E2E">TTSS Interview.Tests.E2E</stat>
<stat pass="1" fail="0" skip="0" id="s1-s1-s1-s1" name="E2E Saucedemo">TTSS Interview.Tests.E2E.E2E Saucedemo</stat>
</suite>
</statistics>
<errors>
<msg time="2025-02-18T15:44:14.932748" level="WARN">Open Browser is for quick experimentation and debugging only. Use New Page for production.</msg>
</errors>
</robot>
